<?xml version="1.0" encoding="UTF-8"?>
<testng-results ignored="0" total="61" passed="60" failed="1" skipped="0">
  <reporter-output>
  </reporter-output>
  <suite started-at="2023-10-29T21:50:11 PDT" name="Default suite" finished-at="2023-10-29T21:51:29 PDT" duration-ms="77642">
    <groups>
      <group name="cucumber">
        <method signature="AbstractTestNGCucumberTests.runScenario(io.cucumber.testng.PickleWrapper,io.cucumber.testng.FeatureWrapper)[pri:0, instance:runners.testRunner@710636b0]" name="runScenario" class="io.cucumber.testng.AbstractTestNGCucumberTests"/>
      </group> <!-- cucumber -->
    </groups>
    <test started-at="2023-10-29T21:50:11 PDT" name="Default test" finished-at="2023-10-29T21:51:29 PDT" duration-ms="77642">
      <class name="runners.testRunner">
        <test-method is-config="true" signature="setUpClass(org.testng.ITestContext)[pri:0, instance:runners.testRunner@710636b0]" started-at="2023-10-29T21:50:11 PDT" name="setUpClass" finished-at="2023-10-29T21:50:25 PDT" duration-ms="13232" status="PASS">
          <params>
            <param index="0">
              <value>
                <![CDATA[org.testng.TestRunner@411b75b4]]>
              </value>
            </param>
          </params>
          <reporter-output>
          </reporter-output>
        </test-method> <!-- setUpClass -->
        <test-method signature="runScenario(io.cucumber.testng.PickleWrapper,io.cucumber.testng.FeatureWrapper)[pri:0, instance:runners.testRunner@710636b0]" started-at="2023-10-29T21:50:25 PDT" name="runScenario" description="Runs Cucumber Scenarios" data-provider="scenarios" finished-at="2023-10-29T21:50:27 PDT" duration-ms="2371" status="PASS">
          <params>
            <param index="0">
              <value>
                <![CDATA["User launches Url"]]>
              </value>
            </param>
            <param index="1">
              <value>
                <![CDATA["Feature to test GetStarted page"]]>
              </value>
            </param>
          </params>
          <reporter-output>
          </reporter-output>
        </test-method> <!-- runScenario -->
        <test-method signature="runScenario(io.cucumber.testng.PickleWrapper,io.cucumber.testng.FeatureWrapper)[pri:0, instance:runners.testRunner@710636b0]" started-at="2023-10-29T21:50:27 PDT" name="runScenario" description="Runs Cucumber Scenarios" data-provider="scenarios" finished-at="2023-10-29T21:50:28 PDT" duration-ms="876" status="PASS">
          <params>
            <param index="0">
              <value>
                <![CDATA["User launch home page of an dsalgo project"]]>
              </value>
            </param>
            <param index="1">
              <value>
                <![CDATA["Feature to test Hompage"]]>
              </value>
            </param>
          </params>
          <reporter-output>
          </reporter-output>
        </test-method> <!-- runScenario -->
        <test-method signature="runScenario(io.cucumber.testng.PickleWrapper,io.cucumber.testng.FeatureWrapper)[pri:0, instance:runners.testRunner@710636b0]" started-at="2023-10-29T21:50:28 PDT" name="runScenario" description="Runs Cucumber Scenarios" data-provider="scenarios" finished-at="2023-10-29T21:50:29 PDT" duration-ms="1037" status="PASS">
          <params>
            <param index="0">
              <value>
                <![CDATA["User is on Homepage and click GetStarted link on Homepage without sign in"]]>
              </value>
            </param>
            <param index="1">
              <value>
                <![CDATA["Feature to test Hompage"]]>
              </value>
            </param>
          </params>
          <reporter-output>
          </reporter-output>
        </test-method> <!-- runScenario -->
        <test-method signature="runScenario(io.cucumber.testng.PickleWrapper,io.cucumber.testng.FeatureWrapper)[pri:0, instance:runners.testRunner@710636b0]" started-at="2023-10-29T21:50:29 PDT" name="runScenario" description="Runs Cucumber Scenarios" data-provider="scenarios" finished-at="2023-10-29T21:50:30 PDT" duration-ms="1212" status="PASS">
          <params>
            <param index="0">
              <value>
                <![CDATA["User is on Homepage and click GetStarted link on Homepage without sign in"]]>
              </value>
            </param>
            <param index="1">
              <value>
                <![CDATA["Feature to test Hompage"]]>
              </value>
            </param>
          </params>
          <reporter-output>
          </reporter-output>
        </test-method> <!-- runScenario -->
        <test-method signature="runScenario(io.cucumber.testng.PickleWrapper,io.cucumber.testng.FeatureWrapper)[pri:0, instance:runners.testRunner@710636b0]" started-at="2023-10-29T21:50:30 PDT" name="runScenario" description="Runs Cucumber Scenarios" data-provider="scenarios" finished-at="2023-10-29T21:50:31 PDT" duration-ms="804" status="PASS">
          <params>
            <param index="0">
              <value>
                <![CDATA["User is on Homepage and click GetStarted link on Homepage without sign in"]]>
              </value>
            </param>
            <param index="1">
              <value>
                <![CDATA["Feature to test Hompage"]]>
              </value>
            </param>
          </params>
          <reporter-output>
          </reporter-output>
        </test-method> <!-- runScenario -->
        <test-method signature="runScenario(io.cucumber.testng.PickleWrapper,io.cucumber.testng.FeatureWrapper)[pri:0, instance:runners.testRunner@710636b0]" started-at="2023-10-29T21:50:31 PDT" name="runScenario" description="Runs Cucumber Scenarios" data-provider="scenarios" finished-at="2023-10-29T21:50:32 PDT" duration-ms="804" status="PASS">
          <params>
            <param index="0">
              <value>
                <![CDATA["User is on Homepage and click GetStarted link on Homepage without sign in"]]>
              </value>
            </param>
            <param index="1">
              <value>
                <![CDATA["Feature to test Hompage"]]>
              </value>
            </param>
          </params>
          <reporter-output>
          </reporter-output>
        </test-method> <!-- runScenario -->
        <test-method signature="runScenario(io.cucumber.testng.PickleWrapper,io.cucumber.testng.FeatureWrapper)[pri:0, instance:runners.testRunner@710636b0]" started-at="2023-10-29T21:50:32 PDT" name="runScenario" description="Runs Cucumber Scenarios" data-provider="scenarios" finished-at="2023-10-29T21:50:32 PDT" duration-ms="780" status="PASS">
          <params>
            <param index="0">
              <value>
                <![CDATA["User is on Homepage and click GetStarted link on Homepage without sign in"]]>
              </value>
            </param>
            <param index="1">
              <value>
                <![CDATA["Feature to test Hompage"]]>
              </value>
            </param>
          </params>
          <reporter-output>
          </reporter-output>
        </test-method> <!-- runScenario -->
        <test-method signature="runScenario(io.cucumber.testng.PickleWrapper,io.cucumber.testng.FeatureWrapper)[pri:0, instance:runners.testRunner@710636b0]" started-at="2023-10-29T21:50:32 PDT" name="runScenario" description="Runs Cucumber Scenarios" data-provider="scenarios" finished-at="2023-10-29T21:50:33 PDT" duration-ms="939" status="PASS">
          <params>
            <param index="0">
              <value>
                <![CDATA["User is on Homepage and click GetStarted link on Homepage without sign in"]]>
              </value>
            </param>
            <param index="1">
              <value>
                <![CDATA["Feature to test Hompage"]]>
              </value>
            </param>
          </params>
          <reporter-output>
          </reporter-output>
        </test-method> <!-- runScenario -->
        <test-method signature="runScenario(io.cucumber.testng.PickleWrapper,io.cucumber.testng.FeatureWrapper)[pri:0, instance:runners.testRunner@710636b0]" started-at="2023-10-29T21:50:33 PDT" name="runScenario" description="Runs Cucumber Scenarios" data-provider="scenarios" finished-at="2023-10-29T21:50:34 PDT" duration-ms="778" status="PASS">
          <params>
            <param index="0">
              <value>
                <![CDATA["User is on Homepage and click GetStarted link on Homepage without sign in"]]>
              </value>
            </param>
            <param index="1">
              <value>
                <![CDATA["Feature to test Hompage"]]>
              </value>
            </param>
          </params>
          <reporter-output>
          </reporter-output>
        </test-method> <!-- runScenario -->
        <test-method signature="runScenario(io.cucumber.testng.PickleWrapper,io.cucumber.testng.FeatureWrapper)[pri:0, instance:runners.testRunner@710636b0]" started-at="2023-10-29T21:50:34 PDT" name="runScenario" description="Runs Cucumber Scenarios" data-provider="scenarios" finished-at="2023-10-29T21:50:35 PDT" duration-ms="803" status="PASS">
          <params>
            <param index="0">
              <value>
                <![CDATA["User is on Homepage and click Dropdown on Homepage without sign in"]]>
              </value>
            </param>
            <param index="1">
              <value>
                <![CDATA["Feature to test Hompage"]]>
              </value>
            </param>
          </params>
          <reporter-output>
          </reporter-output>
        </test-method> <!-- runScenario -->
        <test-method signature="runScenario(io.cucumber.testng.PickleWrapper,io.cucumber.testng.FeatureWrapper)[pri:0, instance:runners.testRunner@710636b0]" started-at="2023-10-29T21:50:35 PDT" name="runScenario" description="Runs Cucumber Scenarios" data-provider="scenarios" finished-at="2023-10-29T21:50:36 PDT" duration-ms="740" status="PASS">
          <params>
            <param index="0">
              <value>
                <![CDATA["User is on Homepage and click Dropdown on Homepage without sign in"]]>
              </value>
            </param>
            <param index="1">
              <value>
                <![CDATA["Feature to test Hompage"]]>
              </value>
            </param>
          </params>
          <reporter-output>
          </reporter-output>
        </test-method> <!-- runScenario -->
        <test-method signature="runScenario(io.cucumber.testng.PickleWrapper,io.cucumber.testng.FeatureWrapper)[pri:0, instance:runners.testRunner@710636b0]" started-at="2023-10-29T21:50:36 PDT" name="runScenario" description="Runs Cucumber Scenarios" data-provider="scenarios" finished-at="2023-10-29T21:50:36 PDT" duration-ms="698" status="PASS">
          <params>
            <param index="0">
              <value>
                <![CDATA["User is on Homepage and click Dropdown on Homepage without sign in"]]>
              </value>
            </param>
            <param index="1">
              <value>
                <![CDATA["Feature to test Hompage"]]>
              </value>
            </param>
          </params>
          <reporter-output>
          </reporter-output>
        </test-method> <!-- runScenario -->
        <test-method signature="runScenario(io.cucumber.testng.PickleWrapper,io.cucumber.testng.FeatureWrapper)[pri:0, instance:runners.testRunner@710636b0]" started-at="2023-10-29T21:50:36 PDT" name="runScenario" description="Runs Cucumber Scenarios" data-provider="scenarios" finished-at="2023-10-29T21:50:37 PDT" duration-ms="700" status="PASS">
          <params>
            <param index="0">
              <value>
                <![CDATA["User is on Homepage and click Dropdown on Homepage without sign in"]]>
              </value>
            </param>
            <param index="1">
              <value>
                <![CDATA["Feature to test Hompage"]]>
              </value>
            </param>
          </params>
          <reporter-output>
          </reporter-output>
        </test-method> <!-- runScenario -->
        <test-method signature="runScenario(io.cucumber.testng.PickleWrapper,io.cucumber.testng.FeatureWrapper)[pri:0, instance:runners.testRunner@710636b0]" started-at="2023-10-29T21:50:37 PDT" name="runScenario" description="Runs Cucumber Scenarios" data-provider="scenarios" finished-at="2023-10-29T21:50:38 PDT" duration-ms="737" status="PASS">
          <params>
            <param index="0">
              <value>
                <![CDATA["User is on Homepage and click Dropdown on Homepage without sign in"]]>
              </value>
            </param>
            <param index="1">
              <value>
                <![CDATA["Feature to test Hompage"]]>
              </value>
            </param>
          </params>
          <reporter-output>
          </reporter-output>
        </test-method> <!-- runScenario -->
        <test-method signature="runScenario(io.cucumber.testng.PickleWrapper,io.cucumber.testng.FeatureWrapper)[pri:0, instance:runners.testRunner@710636b0]" started-at="2023-10-29T21:50:38 PDT" name="runScenario" description="Runs Cucumber Scenarios" data-provider="scenarios" finished-at="2023-10-29T21:50:39 PDT" duration-ms="734" status="PASS">
          <params>
            <param index="0">
              <value>
                <![CDATA["User is on Homepage and click Dropdown on Homepage without sign in"]]>
              </value>
            </param>
            <param index="1">
              <value>
                <![CDATA["Feature to test Hompage"]]>
              </value>
            </param>
          </params>
          <reporter-output>
          </reporter-output>
        </test-method> <!-- runScenario -->
        <test-method signature="runScenario(io.cucumber.testng.PickleWrapper,io.cucumber.testng.FeatureWrapper)[pri:0, instance:runners.testRunner@710636b0]" started-at="2023-10-29T21:50:39 PDT" name="runScenario" description="Runs Cucumber Scenarios" data-provider="scenarios" finished-at="2023-10-29T21:50:39 PDT" duration-ms="595" status="PASS">
          <params>
            <param index="0">
              <value>
                <![CDATA["User is going into RegisterPage"]]>
              </value>
            </param>
            <param index="1">
              <value>
                <![CDATA["Feature to test Hompage"]]>
              </value>
            </param>
          </params>
          <reporter-output>
          </reporter-output>
        </test-method> <!-- runScenario -->
        <test-method signature="runScenario(io.cucumber.testng.PickleWrapper,io.cucumber.testng.FeatureWrapper)[pri:0, instance:runners.testRunner@710636b0]" started-at="2023-10-29T21:50:39 PDT" name="runScenario" description="Runs Cucumber Scenarios" data-provider="scenarios" finished-at="2023-10-29T21:50:40 PDT" duration-ms="593" status="PASS">
          <params>
            <param index="0">
              <value>
                <![CDATA["User is going into SigninPage"]]>
              </value>
            </param>
            <param index="1">
              <value>
                <![CDATA["Feature to test Hompage"]]>
              </value>
            </param>
          </params>
          <reporter-output>
          </reporter-output>
        </test-method> <!-- runScenario -->
        <test-method signature="runScenario(io.cucumber.testng.PickleWrapper,io.cucumber.testng.FeatureWrapper)[pri:0, instance:runners.testRunner@710636b0]" started-at="2023-10-29T21:50:40 PDT" name="runScenario" description="Runs Cucumber Scenarios" data-provider="scenarios" finished-at="2023-10-29T21:50:42 PDT" duration-ms="2408" status="PASS">
          <params>
            <param index="0">
              <value>
                <![CDATA["User logging into Homepage after signing in successfully"]]>
              </value>
            </param>
            <param index="1">
              <value>
                <![CDATA["Feature to test Hompage"]]>
              </value>
            </param>
          </params>
          <reporter-output>
          </reporter-output>
        </test-method> <!-- runScenario -->
        <test-method signature="runScenario(io.cucumber.testng.PickleWrapper,io.cucumber.testng.FeatureWrapper)[pri:0, instance:runners.testRunner@710636b0]" started-at="2023-10-29T21:50:42 PDT" name="runScenario" description="Runs Cucumber Scenarios" data-provider="scenarios" finished-at="2023-10-29T21:50:43 PDT" duration-ms="625" status="PASS">
          <params>
            <param index="0">
              <value>
                <![CDATA["User is on Homepage and able to naviagate to Datastructure page"]]>
              </value>
            </param>
            <param index="1">
              <value>
                <![CDATA["Feature to test Hompage"]]>
              </value>
            </param>
          </params>
          <reporter-output>
          </reporter-output>
        </test-method> <!-- runScenario -->
        <test-method signature="runScenario(io.cucumber.testng.PickleWrapper,io.cucumber.testng.FeatureWrapper)[pri:0, instance:runners.testRunner@710636b0]" started-at="2023-10-29T21:50:43 PDT" name="runScenario" description="Runs Cucumber Scenarios" data-provider="scenarios" finished-at="2023-10-29T21:50:44 PDT" duration-ms="853" status="PASS">
          <params>
            <param index="0">
              <value>
                <![CDATA["User is able to signout"]]>
              </value>
            </param>
            <param index="1">
              <value>
                <![CDATA["Feature to test Hompage"]]>
              </value>
            </param>
          </params>
          <reporter-output>
          </reporter-output>
        </test-method> <!-- runScenario -->
        <test-method signature="runScenario(io.cucumber.testng.PickleWrapper,io.cucumber.testng.FeatureWrapper)[pri:0, instance:runners.testRunner@710636b0]" started-at="2023-10-29T21:50:44 PDT" name="runScenario" description="Runs Cucumber Scenarios" data-provider="scenarios" finished-at="2023-10-29T21:50:44 PDT" duration-ms="313" status="PASS">
          <params>
            <param index="0">
              <value>
                <![CDATA["RegisterPage Title"]]>
              </value>
            </param>
            <param index="1">
              <value>
                <![CDATA["Feature to test RegisterPage"]]>
              </value>
            </param>
          </params>
          <reporter-output>
          </reporter-output>
        </test-method> <!-- runScenario -->
        <test-method signature="runScenario(io.cucumber.testng.PickleWrapper,io.cucumber.testng.FeatureWrapper)[pri:0, instance:runners.testRunner@710636b0]" started-at="2023-10-29T21:50:44 PDT" name="runScenario" description="Runs Cucumber Scenarios" data-provider="scenarios" finished-at="2023-10-29T21:50:45 PDT" duration-ms="588" status="PASS">
          <params>
            <param index="0">
              <value>
                <![CDATA["The user is presented with error message for empty fields below Username textbox"]]>
              </value>
            </param>
            <param index="1">
              <value>
                <![CDATA["Feature to test RegisterPage"]]>
              </value>
            </param>
          </params>
          <reporter-output>
          </reporter-output>
        </test-method> <!-- runScenario -->
        <test-method signature="runScenario(io.cucumber.testng.PickleWrapper,io.cucumber.testng.FeatureWrapper)[pri:0, instance:runners.testRunner@710636b0]" started-at="2023-10-29T21:50:45 PDT" name="runScenario" description="Runs Cucumber Scenarios" data-provider="scenarios" finished-at="2023-10-29T21:50:45 PDT" duration-ms="739" status="PASS">
          <params>
            <param index="0">
              <value>
                <![CDATA["The user is presented with error message for empty fields below Password textbox"]]>
              </value>
            </param>
            <param index="1">
              <value>
                <![CDATA["Feature to test RegisterPage"]]>
              </value>
            </param>
          </params>
          <reporter-output>
          </reporter-output>
        </test-method> <!-- runScenario -->
        <test-method signature="runScenario(io.cucumber.testng.PickleWrapper,io.cucumber.testng.FeatureWrapper)[pri:0, instance:runners.testRunner@710636b0]" started-at="2023-10-29T21:50:45 PDT" name="runScenario" description="Runs Cucumber Scenarios" data-provider="scenarios" finished-at="2023-10-29T21:50:46 PDT" duration-ms="867" status="PASS">
          <params>
            <param index="0">
              <value>
                <![CDATA["The user is presented with error message for empty fields below Password Confirmation textbox"]]>
              </value>
            </param>
            <param index="1">
              <value>
                <![CDATA["Feature to test RegisterPage"]]>
              </value>
            </param>
          </params>
          <reporter-output>
          </reporter-output>
        </test-method> <!-- runScenario -->
        <test-method signature="runScenario(io.cucumber.testng.PickleWrapper,io.cucumber.testng.FeatureWrapper)[pri:0, instance:runners.testRunner@710636b0]" started-at="2023-10-29T21:50:46 PDT" name="runScenario" description="Runs Cucumber Scenarios" data-provider="scenarios" finished-at="2023-10-29T21:50:47 PDT" duration-ms="1157" status="PASS">
          <params>
            <param index="0">
              <value>
                <![CDATA["The user is presented with error message for password mismatch"]]>
              </value>
            </param>
            <param index="1">
              <value>
                <![CDATA["Feature to test RegisterPage"]]>
              </value>
            </param>
          </params>
          <reporter-output>
          </reporter-output>
        </test-method> <!-- runScenario -->
        <test-method signature="runScenario(io.cucumber.testng.PickleWrapper,io.cucumber.testng.FeatureWrapper)[pri:0, instance:runners.testRunner@710636b0]" started-at="2023-10-29T21:50:47 PDT" name="runScenario" description="Runs Cucumber Scenarios" data-provider="scenarios" finished-at="2023-10-29T21:50:48 PDT" duration-ms="536" status="PASS">
          <params>
            <param index="0">
              <value>
                <![CDATA["Verifying RegisterLink in SignInpage"]]>
              </value>
            </param>
            <param index="1">
              <value>
                <![CDATA["Feature to test SignInPage"]]>
              </value>
            </param>
          </params>
          <reporter-output>
          </reporter-output>
        </test-method> <!-- runScenario -->
        <test-method signature="runScenario(io.cucumber.testng.PickleWrapper,io.cucumber.testng.FeatureWrapper)[pri:0, instance:runners.testRunner@710636b0]" started-at="2023-10-29T21:50:48 PDT" name="runScenario" description="Runs Cucumber Scenarios" data-provider="scenarios" finished-at="2023-10-29T21:50:49 PDT" duration-ms="642" status="PASS">
          <params>
            <param index="0">
              <value>
                <![CDATA["User on login page and login with invalid inputs"]]>
              </value>
            </param>
            <param index="1">
              <value>
                <![CDATA["Feature to test SignInPage"]]>
              </value>
            </param>
          </params>
          <reporter-output>
          </reporter-output>
        </test-method> <!-- runScenario -->
        <test-method signature="runScenario(io.cucumber.testng.PickleWrapper,io.cucumber.testng.FeatureWrapper)[pri:0, instance:runners.testRunner@710636b0]" started-at="2023-10-29T21:50:49 PDT" name="runScenario" description="Runs Cucumber Scenarios" data-provider="scenarios" finished-at="2023-10-29T21:50:49 PDT" duration-ms="648" status="PASS">
          <params>
            <param index="0">
              <value>
                <![CDATA["User on login page and login with invalid inputs"]]>
              </value>
            </param>
            <param index="1">
              <value>
                <![CDATA["Feature to test SignInPage"]]>
              </value>
            </param>
          </params>
          <reporter-output>
          </reporter-output>
        </test-method> <!-- runScenario -->
        <test-method signature="runScenario(io.cucumber.testng.PickleWrapper,io.cucumber.testng.FeatureWrapper)[pri:0, instance:runners.testRunner@710636b0]" started-at="2023-10-29T21:50:49 PDT" name="runScenario" description="Runs Cucumber Scenarios" data-provider="scenarios" finished-at="2023-10-29T21:50:50 PDT" duration-ms="589" status="PASS">
          <params>
            <param index="0">
              <value>
                <![CDATA["User on login page and login with invalid inputs"]]>
              </value>
            </param>
            <param index="1">
              <value>
                <![CDATA["Feature to test SignInPage"]]>
              </value>
            </param>
          </params>
          <reporter-output>
          </reporter-output>
        </test-method> <!-- runScenario -->
        <test-method signature="runScenario(io.cucumber.testng.PickleWrapper,io.cucumber.testng.FeatureWrapper)[pri:0, instance:runners.testRunner@710636b0]" started-at="2023-10-29T21:50:50 PDT" name="runScenario" description="Runs Cucumber Scenarios" data-provider="scenarios" finished-at="2023-10-29T21:50:51 PDT" duration-ms="1299" status="PASS">
          <params>
            <param index="0">
              <value>
                <![CDATA["User on login page and login with valid from Excel"]]>
              </value>
            </param>
            <param index="1">
              <value>
                <![CDATA["Feature to test SignInPage"]]>
              </value>
            </param>
          </params>
          <reporter-output>
          </reporter-output>
        </test-method> <!-- runScenario -->
        <test-method signature="runScenario(io.cucumber.testng.PickleWrapper,io.cucumber.testng.FeatureWrapper)[pri:0, instance:runners.testRunner@710636b0]" started-at="2023-10-29T21:50:51 PDT" name="runScenario" description="Runs Cucumber Scenarios" data-provider="scenarios" finished-at="2023-10-29T21:50:52 PDT" duration-ms="559" status="PASS">
          <params>
            <param index="0">
              <value>
                <![CDATA["The user is able to navigate to Data Structure introduction page"]]>
              </value>
            </param>
            <param index="1">
              <value>
                <![CDATA["Feature to test DataStructuresPage"]]>
              </value>
            </param>
          </params>
          <reporter-output>
          </reporter-output>
        </test-method> <!-- runScenario -->
        <test-method signature="runScenario(io.cucumber.testng.PickleWrapper,io.cucumber.testng.FeatureWrapper)[pri:0, instance:runners.testRunner@710636b0]" started-at="2023-10-29T21:50:52 PDT" name="runScenario" description="Runs Cucumber Scenarios" data-provider="scenarios" finished-at="2023-10-29T21:50:52 PDT" duration-ms="661" status="PASS">
          <params>
            <param index="0">
              <value>
                <![CDATA["User is able to navigate to Time Complexity page"]]>
              </value>
            </param>
            <param index="1">
              <value>
                <![CDATA["Feature to test DataStructuresPage"]]>
              </value>
            </param>
          </params>
          <reporter-output>
          </reporter-output>
        </test-method> <!-- runScenario -->
        <test-method signature="runScenario(io.cucumber.testng.PickleWrapper,io.cucumber.testng.FeatureWrapper)[pri:0, instance:runners.testRunner@710636b0]" started-at="2023-10-29T21:50:52 PDT" name="runScenario" description="Runs Cucumber Scenarios" data-provider="scenarios" finished-at="2023-10-29T21:50:54 PDT" duration-ms="1404" status="PASS">
          <params>
            <param index="0">
              <value>
                <![CDATA["The user is able to navigate to a page having an tryEditor from Time Complexity page"]]>
              </value>
            </param>
            <param index="1">
              <value>
                <![CDATA["Feature to test DataStructuresPage"]]>
              </value>
            </param>
          </params>
          <reporter-output>
          </reporter-output>
        </test-method> <!-- runScenario -->
        <test-method signature="runScenario(io.cucumber.testng.PickleWrapper,io.cucumber.testng.FeatureWrapper)[pri:0, instance:runners.testRunner@710636b0]" started-at="2023-10-29T21:50:54 PDT" name="runScenario" description="Runs Cucumber Scenarios" data-provider="scenarios" finished-at="2023-10-29T21:50:55 PDT" duration-ms="1267" status="PASS">
          <params>
            <param index="0">
              <value>
                <![CDATA["The user is in a page having an tryEditor with a Run button to test invalid python syntax"]]>
              </value>
            </param>
            <param index="1">
              <value>
                <![CDATA["Feature to test DataStructuresPage"]]>
              </value>
            </param>
          </params>
          <reporter-output>
          </reporter-output>
        </test-method> <!-- runScenario -->
        <test-method signature="runScenario(io.cucumber.testng.PickleWrapper,io.cucumber.testng.FeatureWrapper)[pri:0, instance:runners.testRunner@710636b0]" started-at="2023-10-29T21:50:55 PDT" name="runScenario" description="Runs Cucumber Scenarios" data-provider="scenarios" finished-at="2023-10-29T21:50:56 PDT" duration-ms="1015" status="PASS">
          <params>
            <param index="0">
              <value>
                <![CDATA["The user is in a page having an tryEditor with a Run button to test valid python syntax"]]>
              </value>
            </param>
            <param index="1">
              <value>
                <![CDATA["Feature to test DataStructuresPage"]]>
              </value>
            </param>
          </params>
          <reporter-output>
          </reporter-output>
        </test-method> <!-- runScenario -->
        <test-method signature="runScenario(io.cucumber.testng.PickleWrapper,io.cucumber.testng.FeatureWrapper)[pri:0, instance:runners.testRunner@710636b0]" started-at="2023-10-29T21:50:56 PDT" name="runScenario" description="Runs Cucumber Scenarios" data-provider="scenarios" finished-at="2023-10-29T21:50:57 PDT" duration-ms="771" status="PASS">
          <params>
            <param index="0">
              <value>
                <![CDATA["The user is able to navigate to ARRAY Data Structure Page"]]>
              </value>
            </param>
            <param index="1">
              <value>
                <![CDATA["Feature to test Array page"]]>
              </value>
            </param>
          </params>
          <reporter-output>
          </reporter-output>
        </test-method> <!-- runScenario -->
        <test-method signature="runScenario(io.cucumber.testng.PickleWrapper,io.cucumber.testng.FeatureWrapper)[pri:0, instance:runners.testRunner@710636b0]" started-at="2023-10-29T21:50:57 PDT" name="runScenario" description="Runs Cucumber Scenarios" data-provider="scenarios" finished-at="2023-10-29T21:50:58 PDT" duration-ms="1086" status="PASS">
          <params>
            <param index="0">
              <value>
                <![CDATA["The user is able to navigate to Arrays in Python page"]]>
              </value>
            </param>
            <param index="1">
              <value>
                <![CDATA["Feature to test Array page"]]>
              </value>
            </param>
          </params>
          <reporter-output>
          </reporter-output>
        </test-method> <!-- runScenario -->
        <test-method signature="runScenario(io.cucumber.testng.PickleWrapper,io.cucumber.testng.FeatureWrapper)[pri:0, instance:runners.testRunner@710636b0]" started-at="2023-10-29T21:50:58 PDT" name="runScenario" description="Runs Cucumber Scenarios" data-provider="scenarios" finished-at="2023-10-29T21:50:59 PDT" duration-ms="705" status="PASS">
          <params>
            <param index="0">
              <value>
                <![CDATA["The user is able to navigate to a page having an tryEditor from Arrays in Python page"]]>
              </value>
            </param>
            <param index="1">
              <value>
                <![CDATA["Feature to test Array page"]]>
              </value>
            </param>
          </params>
          <reporter-output>
          </reporter-output>
        </test-method> <!-- runScenario -->
        <test-method signature="runScenario(io.cucumber.testng.PickleWrapper,io.cucumber.testng.FeatureWrapper)[pri:0, instance:runners.testRunner@710636b0]" started-at="2023-10-29T21:50:59 PDT" name="runScenario" description="Runs Cucumber Scenarios" data-provider="scenarios" finished-at="2023-10-29T21:51:00 PDT" duration-ms="915" status="PASS">
          <params>
            <param index="0">
              <value>
                <![CDATA["The user is in a page having an tryEditor with a Run button to test invalid python syntax"]]>
              </value>
            </param>
            <param index="1">
              <value>
                <![CDATA["Feature to test Array page"]]>
              </value>
            </param>
          </params>
          <reporter-output>
          </reporter-output>
        </test-method> <!-- runScenario -->
        <test-method signature="runScenario(io.cucumber.testng.PickleWrapper,io.cucumber.testng.FeatureWrapper)[pri:0, instance:runners.testRunner@710636b0]" started-at="2023-10-29T21:51:00 PDT" name="runScenario" description="Runs Cucumber Scenarios" data-provider="scenarios" finished-at="2023-10-29T21:51:00 PDT" duration-ms="934" status="PASS">
          <params>
            <param index="0">
              <value>
                <![CDATA["The user is in a page having an tryEditor with a Run button to test valid python syntax"]]>
              </value>
            </param>
            <param index="1">
              <value>
                <![CDATA["Feature to test Array page"]]>
              </value>
            </param>
          </params>
          <reporter-output>
          </reporter-output>
        </test-method> <!-- runScenario -->
        <test-method signature="runScenario(io.cucumber.testng.PickleWrapper,io.cucumber.testng.FeatureWrapper)[pri:0, instance:runners.testRunner@710636b0]" started-at="2023-10-29T21:51:00 PDT" name="runScenario" description="Runs Cucumber Scenarios" data-provider="scenarios" finished-at="2023-10-29T21:51:01 PDT" duration-ms="768" status="PASS">
          <params>
            <param index="0">
              <value>
                <![CDATA["The user is able to navigate to Arrays Using List page"]]>
              </value>
            </param>
            <param index="1">
              <value>
                <![CDATA["Feature to test Array page"]]>
              </value>
            </param>
          </params>
          <reporter-output>
          </reporter-output>
        </test-method> <!-- runScenario -->
        <test-method signature="runScenario(io.cucumber.testng.PickleWrapper,io.cucumber.testng.FeatureWrapper)[pri:0, instance:runners.testRunner@710636b0]" started-at="2023-10-29T21:51:01 PDT" name="runScenario" description="Runs Cucumber Scenarios" data-provider="scenarios" finished-at="2023-10-29T21:51:02 PDT" duration-ms="709" status="PASS">
          <params>
            <param index="0">
              <value>
                <![CDATA["The user is able to navigate to a page having an tryEditor for Arrays Using List page"]]>
              </value>
            </param>
            <param index="1">
              <value>
                <![CDATA["Feature to test Array page"]]>
              </value>
            </param>
          </params>
          <reporter-output>
          </reporter-output>
        </test-method> <!-- runScenario -->
        <test-method signature="runScenario(io.cucumber.testng.PickleWrapper,io.cucumber.testng.FeatureWrapper)[pri:0, instance:runners.testRunner@710636b0]" started-at="2023-10-29T21:51:02 PDT" name="runScenario" description="Runs Cucumber Scenarios" data-provider="scenarios" finished-at="2023-10-29T21:51:03 PDT" duration-ms="1148" status="PASS">
          <params>
            <param index="0">
              <value>
                <![CDATA["The user is in a page having an tryEditor with a Run button to test invalid python syntax"]]>
              </value>
            </param>
            <param index="1">
              <value>
                <![CDATA["Feature to test Array page"]]>
              </value>
            </param>
          </params>
          <reporter-output>
          </reporter-output>
        </test-method> <!-- runScenario -->
        <test-method signature="runScenario(io.cucumber.testng.PickleWrapper,io.cucumber.testng.FeatureWrapper)[pri:0, instance:runners.testRunner@710636b0]" started-at="2023-10-29T21:51:03 PDT" name="runScenario" description="Runs Cucumber Scenarios" data-provider="scenarios" finished-at="2023-10-29T21:51:04 PDT" duration-ms="1009" status="PASS">
          <params>
            <param index="0">
              <value>
                <![CDATA["The user is in a page having an tryEditor with a Run button to test valid python syntax"]]>
              </value>
            </param>
            <param index="1">
              <value>
                <![CDATA["Feature to test Array page"]]>
              </value>
            </param>
          </params>
          <reporter-output>
          </reporter-output>
        </test-method> <!-- runScenario -->
        <test-method signature="runScenario(io.cucumber.testng.PickleWrapper,io.cucumber.testng.FeatureWrapper)[pri:0, instance:runners.testRunner@710636b0]" started-at="2023-10-29T21:51:04 PDT" name="runScenario" description="Runs Cucumber Scenarios" data-provider="scenarios" finished-at="2023-10-29T21:51:05 PDT" duration-ms="854" status="PASS">
          <params>
            <param index="0">
              <value>
                <![CDATA["The user is able to navigate to Basic Operations in Lists page"]]>
              </value>
            </param>
            <param index="1">
              <value>
                <![CDATA["Feature to test Array page"]]>
              </value>
            </param>
          </params>
          <reporter-output>
          </reporter-output>
        </test-method> <!-- runScenario -->
        <test-method signature="runScenario(io.cucumber.testng.PickleWrapper,io.cucumber.testng.FeatureWrapper)[pri:0, instance:runners.testRunner@710636b0]" started-at="2023-10-29T21:51:05 PDT" name="runScenario" description="Runs Cucumber Scenarios" data-provider="scenarios" finished-at="2023-10-29T21:51:06 PDT" duration-ms="858" status="PASS">
          <params>
            <param index="0">
              <value>
                <![CDATA["The user is able to navigate to a page having an tryEditor f Basic Operations in Lists page"]]>
              </value>
            </param>
            <param index="1">
              <value>
                <![CDATA["Feature to test Array page"]]>
              </value>
            </param>
          </params>
          <reporter-output>
          </reporter-output>
        </test-method> <!-- runScenario -->
        <test-method signature="runScenario(io.cucumber.testng.PickleWrapper,io.cucumber.testng.FeatureWrapper)[pri:0, instance:runners.testRunner@710636b0]" started-at="2023-10-29T21:51:06 PDT" name="runScenario" description="Runs Cucumber Scenarios" data-provider="scenarios" finished-at="2023-10-29T21:51:07 PDT" duration-ms="811" status="PASS">
          <params>
            <param index="0">
              <value>
                <![CDATA["The user is in a page having an tryEditor with a Run button to test invalid python syntax"]]>
              </value>
            </param>
            <param index="1">
              <value>
                <![CDATA["Feature to test Array page"]]>
              </value>
            </param>
          </params>
          <reporter-output>
          </reporter-output>
        </test-method> <!-- runScenario -->
        <test-method signature="runScenario(io.cucumber.testng.PickleWrapper,io.cucumber.testng.FeatureWrapper)[pri:0, instance:runners.testRunner@710636b0]" started-at="2023-10-29T21:51:07 PDT" name="runScenario" description="Runs Cucumber Scenarios" data-provider="scenarios" finished-at="2023-10-29T21:51:08 PDT" duration-ms="897" status="PASS">
          <params>
            <param index="0">
              <value>
                <![CDATA["The user is in a page having an tryEditor with a Run button to test valid python syntax"]]>
              </value>
            </param>
            <param index="1">
              <value>
                <![CDATA["Feature to test Array page"]]>
              </value>
            </param>
          </params>
          <reporter-output>
          </reporter-output>
        </test-method> <!-- runScenario -->
        <test-method signature="runScenario(io.cucumber.testng.PickleWrapper,io.cucumber.testng.FeatureWrapper)[pri:0, instance:runners.testRunner@710636b0]" started-at="2023-10-29T21:51:08 PDT" name="runScenario" description="Runs Cucumber Scenarios" data-provider="scenarios" finished-at="2023-10-29T21:51:08 PDT" duration-ms="795" status="PASS">
          <params>
            <param index="0">
              <value>
                <![CDATA["The user is able to navigate to Applications of Array page"]]>
              </value>
            </param>
            <param index="1">
              <value>
                <![CDATA["Feature to test Array page"]]>
              </value>
            </param>
          </params>
          <reporter-output>
          </reporter-output>
        </test-method> <!-- runScenario -->
        <test-method signature="runScenario(io.cucumber.testng.PickleWrapper,io.cucumber.testng.FeatureWrapper)[pri:0, instance:runners.testRunner@710636b0]" started-at="2023-10-29T21:51:08 PDT" name="runScenario" description="Runs Cucumber Scenarios" data-provider="scenarios" finished-at="2023-10-29T21:51:09 PDT" duration-ms="550" status="PASS">
          <params>
            <param index="0">
              <value>
                <![CDATA["The user is able to navigate to Practice page"]]>
              </value>
            </param>
            <param index="1">
              <value>
                <![CDATA["Feature to test Array page"]]>
              </value>
            </param>
          </params>
          <reporter-output>
          </reporter-output>
        </test-method> <!-- runScenario -->
        <test-method signature="runScenario(io.cucumber.testng.PickleWrapper,io.cucumber.testng.FeatureWrapper)[pri:0, instance:runners.testRunner@710636b0]" started-at="2023-10-29T21:51:09 PDT" name="runScenario" description="Runs Cucumber Scenarios" data-provider="scenarios" finished-at="2023-10-29T21:51:10 PDT" duration-ms="692" status="PASS">
          <params>
            <param index="0">
              <value>
                <![CDATA["The user is able to navigate to Question page from Search the array link"]]>
              </value>
            </param>
            <param index="1">
              <value>
                <![CDATA["Feature to test Array page"]]>
              </value>
            </param>
          </params>
          <reporter-output>
          </reporter-output>
        </test-method> <!-- runScenario -->
        <test-method signature="runScenario(io.cucumber.testng.PickleWrapper,io.cucumber.testng.FeatureWrapper)[pri:0, instance:runners.testRunner@710636b0]" started-at="2023-10-29T21:51:10 PDT" name="runScenario" description="Runs Cucumber Scenarios" data-provider="scenarios" finished-at="2023-10-29T21:51:12 PDT" duration-ms="2676" status="FAIL">
          <params>
            <param index="0">
              <value>
                <![CDATA["The user is able to run code in tryEditor for Search the array link"]]>
              </value>
            </param>
            <param index="1">
              <value>
                <![CDATA["Feature to test Array page"]]>
              </value>
            </param>
          </params>
          <exception class="org.openqa.selenium.UnhandledAlertException">
            <message>
              <![CDATA[unexpected alert open: {Alert text : SyntaxError: bad input on line 2}
  (Session info: chrome=118.0.5993.117): SyntaxError: bad input on line 2
Build info: version: '4.12.1', revision: '8e34639b11'
System info: os.name: 'Mac OS X', os.arch: 'x86_64', os.version: '11.7.7', java.version: '17.0.7'
Driver info: org.openqa.selenium.chrome.ChromeDriver
Command: [11d283aa15ecfcb45434b67f9efce34e, findElement {using=xpath, value=//pre[@id ='output']}]
Capabilities {acceptInsecureCerts: false, browserName: chrome, browserVersion: 118.0.5993.117, chrome: {chromedriverVersion: 118.0.5993.70 (e52f33f30b91..., userDataDir: /var/folders/g_/0nhmnxv5743...}, fedcm:accounts: true, goog:chromeOptions: {debuggerAddress: localhost:49975}, networkConnectionEnabled: false, pageLoadStrategy: normal, platformName: mac, proxy: Proxy(), se:cdp: ws://localhost:49975/devtoo..., se:cdpVersion: 118.0.5993.117, setWindowRect: true, strictFileInteractability: false, timeouts: {implicit: 0, pageLoad: 300000, script: 30000}, unhandledPromptBehavior: dismiss and notify, webauthn:extension:credBlob: true, webauthn:extension:largeBlob: true, webauthn:extension:minPinLength: true, webauthn:extension:prf: true, webauthn:virtualAuthenticators: true}
Session ID: 11d283aa15ecfcb45434b67f9efce34e]]>
            </message>
            <full-stacktrace>
              <![CDATA[org.openqa.selenium.UnhandledAlertException: unexpected alert open: {Alert text : SyntaxError: bad input on line 2}
  (Session info: chrome=118.0.5993.117): SyntaxError: bad input on line 2
Build info: version: '4.12.1', revision: '8e34639b11'
System info: os.name: 'Mac OS X', os.arch: 'x86_64', os.version: '11.7.7', java.version: '17.0.7'
Driver info: org.openqa.selenium.chrome.ChromeDriver
Command: [11d283aa15ecfcb45434b67f9efce34e, findElement {using=xpath, value=//pre[@id ='output']}]
Capabilities {acceptInsecureCerts: false, browserName: chrome, browserVersion: 118.0.5993.117, chrome: {chromedriverVersion: 118.0.5993.70 (e52f33f30b91..., userDataDir: /var/folders/g_/0nhmnxv5743...}, fedcm:accounts: true, goog:chromeOptions: {debuggerAddress: localhost:49975}, networkConnectionEnabled: false, pageLoadStrategy: normal, platformName: mac, proxy: Proxy(), se:cdp: ws://localhost:49975/devtoo..., se:cdpVersion: 118.0.5993.117, setWindowRect: true, strictFileInteractability: false, timeouts: {implicit: 0, pageLoad: 300000, script: 30000}, unhandledPromptBehavior: dismiss and notify, webauthn:extension:credBlob: true, webauthn:extension:largeBlob: true, webauthn:extension:minPinLength: true, webauthn:extension:prf: true, webauthn:virtualAuthenticators: true}
Session ID: 11d283aa15ecfcb45434b67f9efce34e
at org.openqa.selenium.remote.codec.w3c.W3CHttpResponseCodec.decode(W3CHttpResponseCodec.java:131)
at org.openqa.selenium.remote.codec.w3c.W3CHttpResponseCodec.decode(W3CHttpResponseCodec.java:52)
at org.openqa.selenium.remote.HttpCommandExecutor.execute(HttpCommandExecutor.java:191)
at org.openqa.selenium.remote.service.DriverCommandExecutor.invokeExecute(DriverCommandExecutor.java:196)
at org.openqa.selenium.remote.service.DriverCommandExecutor.execute(DriverCommandExecutor.java:171)
at org.openqa.selenium.remote.RemoteWebDriver.execute(RemoteWebDriver.java:602)
at org.openqa.selenium.remote.ElementLocation$ElementFinder$2.findElement(ElementLocation.java:165)
at org.openqa.selenium.remote.ElementLocation.findElement(ElementLocation.java:59)
at org.openqa.selenium.remote.RemoteWebDriver.findElement(RemoteWebDriver.java:359)
at org.openqa.selenium.remote.RemoteWebDriver.findElement(RemoteWebDriver.java:353)
at org.openqa.selenium.support.pagefactory.DefaultElementLocator.findElement(DefaultElementLocator.java:68)
at org.openqa.selenium.support.pagefactory.internal.LocatingElementHandler.invoke(LocatingElementHandler.java:38)
at jdk.proxy2/jdk.proxy2.$Proxy62.getText(Unknown Source)
at pagesPackage.ArrayPage.getActualResult(ArrayPage.java:121)
at stepDefinitions.ArraySteps.the_user_should_be_presented_with_run_result(ArraySteps.java:151)
at ✽.The user should be presented with Run result(file:///Users/arpanagodi/eclipse-workspace/DsAlgoCucumberProject/src/test/resources/Features/6_Array.feature:104)
]]>
            </full-stacktrace>
          </exception> <!-- org.openqa.selenium.UnhandledAlertException -->
          <reporter-output>
          </reporter-output>
        </test-method> <!-- runScenario -->
        <test-method signature="runScenario(io.cucumber.testng.PickleWrapper,io.cucumber.testng.FeatureWrapper)[pri:0, instance:runners.testRunner@710636b0]" started-at="2023-10-29T21:51:12 PDT" name="runScenario" description="Runs Cucumber Scenarios" data-provider="scenarios" finished-at="2023-10-29T21:51:13 PDT" duration-ms="689" status="PASS">
          <params>
            <param index="0">
              <value>
                <![CDATA["The user is able to navigate to GRAPH Data Structure Page"]]>
              </value>
            </param>
            <param index="1">
              <value>
                <![CDATA["Feature to test Graph Page"]]>
              </value>
            </param>
          </params>
          <reporter-output>
          </reporter-output>
        </test-method> <!-- runScenario -->
        <test-method signature="runScenario(io.cucumber.testng.PickleWrapper,io.cucumber.testng.FeatureWrapper)[pri:0, instance:runners.testRunner@710636b0]" started-at="2023-10-29T21:51:13 PDT" name="runScenario" description="Runs Cucumber Scenarios" data-provider="scenarios" finished-at="2023-10-29T21:51:14 PDT" duration-ms="613" status="PASS">
          <params>
            <param index="0">
              <value>
                <![CDATA["The user is able to navigate to Graph page"]]>
              </value>
            </param>
            <param index="1">
              <value>
                <![CDATA["Feature to test Graph Page"]]>
              </value>
            </param>
          </params>
          <reporter-output>
          </reporter-output>
        </test-method> <!-- runScenario -->
        <test-method signature="runScenario(io.cucumber.testng.PickleWrapper,io.cucumber.testng.FeatureWrapper)[pri:0, instance:runners.testRunner@710636b0]" started-at="2023-10-29T21:51:14 PDT" name="runScenario" description="Runs Cucumber Scenarios" data-provider="scenarios" finished-at="2023-10-29T21:51:14 PDT" duration-ms="866" status="PASS">
          <params>
            <param index="0">
              <value>
                <![CDATA["The user is able to navigate to a page having an tryEditor from Graph page"]]>
              </value>
            </param>
            <param index="1">
              <value>
                <![CDATA["Feature to test Graph Page"]]>
              </value>
            </param>
          </params>
          <reporter-output>
          </reporter-output>
        </test-method> <!-- runScenario -->
        <test-method signature="runScenario(io.cucumber.testng.PickleWrapper,io.cucumber.testng.FeatureWrapper)[pri:0, instance:runners.testRunner@710636b0]" started-at="2023-10-29T21:51:14 PDT" name="runScenario" description="Runs Cucumber Scenarios" data-provider="scenarios" finished-at="2023-10-29T21:51:15 PDT" duration-ms="938" status="PASS">
          <params>
            <param index="0">
              <value>
                <![CDATA["The user is in a page having an tryEditor with a Run button to test invalid python syntax"]]>
              </value>
            </param>
            <param index="1">
              <value>
                <![CDATA["Feature to test Graph Page"]]>
              </value>
            </param>
          </params>
          <reporter-output>
          </reporter-output>
        </test-method> <!-- runScenario -->
        <test-method signature="runScenario(io.cucumber.testng.PickleWrapper,io.cucumber.testng.FeatureWrapper)[pri:0, instance:runners.testRunner@710636b0]" started-at="2023-10-29T21:51:15 PDT" name="runScenario" description="Runs Cucumber Scenarios" data-provider="scenarios" finished-at="2023-10-29T21:51:16 PDT" duration-ms="988" status="PASS">
          <params>
            <param index="0">
              <value>
                <![CDATA["The user is in a page having an tryEditor with a Run button to test valid python syntax"]]>
              </value>
            </param>
            <param index="1">
              <value>
                <![CDATA["Feature to test Graph Page"]]>
              </value>
            </param>
          </params>
          <reporter-output>
          </reporter-output>
        </test-method> <!-- runScenario -->
        <test-method signature="runScenario(io.cucumber.testng.PickleWrapper,io.cucumber.testng.FeatureWrapper)[pri:0, instance:runners.testRunner@710636b0]" started-at="2023-10-29T21:51:16 PDT" name="runScenario" description="Runs Cucumber Scenarios" data-provider="scenarios" finished-at="2023-10-29T21:51:17 PDT" duration-ms="809" status="PASS">
          <params>
            <param index="0">
              <value>
                <![CDATA["The user is able to navigate to Graph Representations link"]]>
              </value>
            </param>
            <param index="1">
              <value>
                <![CDATA["Feature to test Graph Page"]]>
              </value>
            </param>
          </params>
          <reporter-output>
          </reporter-output>
        </test-method> <!-- runScenario -->
        <test-method signature="runScenario(io.cucumber.testng.PickleWrapper,io.cucumber.testng.FeatureWrapper)[pri:0, instance:runners.testRunner@710636b0]" started-at="2023-10-29T21:51:17 PDT" name="runScenario" description="Runs Cucumber Scenarios" data-provider="scenarios" finished-at="2023-10-29T21:51:18 PDT" duration-ms="775" status="PASS">
          <params>
            <param index="0">
              <value>
                <![CDATA["The user is able to navigate to a page having an tryEditor from Graph Representations page"]]>
              </value>
            </param>
            <param index="1">
              <value>
                <![CDATA["Feature to test Graph Page"]]>
              </value>
            </param>
          </params>
          <reporter-output>
          </reporter-output>
        </test-method> <!-- runScenario -->
        <test-method signature="runScenario(io.cucumber.testng.PickleWrapper,io.cucumber.testng.FeatureWrapper)[pri:0, instance:runners.testRunner@710636b0]" started-at="2023-10-29T21:51:18 PDT" name="runScenario" description="Runs Cucumber Scenarios" data-provider="scenarios" finished-at="2023-10-29T21:51:19 PDT" duration-ms="871" status="PASS">
          <params>
            <param index="0">
              <value>
                <![CDATA["The user is in a page having an tryEditor with a Run button to test invalid python syntax"]]>
              </value>
            </param>
            <param index="1">
              <value>
                <![CDATA["Feature to test Graph Page"]]>
              </value>
            </param>
          </params>
          <reporter-output>
          </reporter-output>
        </test-method> <!-- runScenario -->
        <test-method signature="runScenario(io.cucumber.testng.PickleWrapper,io.cucumber.testng.FeatureWrapper)[pri:0, instance:runners.testRunner@710636b0]" started-at="2023-10-29T21:51:19 PDT" name="runScenario" description="Runs Cucumber Scenarios" data-provider="scenarios" finished-at="2023-10-29T21:51:20 PDT" duration-ms="946" status="PASS">
          <params>
            <param index="0">
              <value>
                <![CDATA["The user is in a page having an tryEditor with a Run button to test valid python syntax"]]>
              </value>
            </param>
            <param index="1">
              <value>
                <![CDATA["Feature to test Graph Page"]]>
              </value>
            </param>
          </params>
          <reporter-output>
          </reporter-output>
        </test-method> <!-- runScenario -->
        <test-method is-config="true" signature="tearDownClass()[pri:0, instance:runners.testRunner@710636b0]" started-at="2023-10-29T21:51:20 PDT" name="tearDownClass" finished-at="2023-10-29T21:51:29 PDT" duration-ms="9083" status="PASS">
          <reporter-output>
          </reporter-output>
        </test-method> <!-- tearDownClass -->
      </class> <!-- runners.testRunner -->
    </test> <!-- Default test -->
  </suite> <!-- Default suite -->
</testng-results>
