<?xml version="1.0" encoding="UTF-8"?>
<testng-results ignored="0" total="61" passed="60" failed="1" skipped="0">
  <reporter-output>
  </reporter-output>
  <suite started-at="2024-02-17T17:13:43 PST" name="Default suite" finished-at="2024-02-17T17:15:05 PST" duration-ms="82257">
    <groups>
      <group name="cucumber">
        <method signature="AbstractTestNGCucumberTests.runScenario(io.cucumber.testng.PickleWrapper,io.cucumber.testng.FeatureWrapper)[pri:0, instance:runners.testRunner@5b247367]" name="runScenario" class="io.cucumber.testng.AbstractTestNGCucumberTests"/>
      </group> <!-- cucumber -->
    </groups>
    <test started-at="2024-02-17T17:13:43 PST" name="Default test" finished-at="2024-02-17T17:15:05 PST" duration-ms="82257">
      <class name="runners.testRunner">
        <test-method is-config="true" signature="setUpClass(org.testng.ITestContext)[pri:0, instance:runners.testRunner@5b247367]" started-at="2024-02-17T17:13:43 PST" name="setUpClass" finished-at="2024-02-17T17:13:53 PST" duration-ms="9926" status="PASS">
          <params>
            <param index="0">
              <value>
                <![CDATA[org.testng.TestRunner@3ce4b0a8]]>
              </value>
            </param>
          </params>
          <reporter-output>
          </reporter-output>
        </test-method> <!-- setUpClass -->
        <test-method signature="runScenario(io.cucumber.testng.PickleWrapper,io.cucumber.testng.FeatureWrapper)[pri:0, instance:runners.testRunner@5b247367]" started-at="2024-02-17T17:13:53 PST" name="runScenario" description="Runs Cucumber Scenarios" data-provider="scenarios" finished-at="2024-02-17T17:13:57 PST" duration-ms="3472" status="PASS">
          <params>
            <param index="0">
              <value>
                <![CDATA["User launches Url"]]>
              </value>
            </param>
            <param index="1">
              <value>
                <![CDATA["Feature to test GetStarted page"]]>
              </value>
            </param>
          </params>
          <reporter-output>
          </reporter-output>
        </test-method> <!-- runScenario -->
        <test-method signature="runScenario(io.cucumber.testng.PickleWrapper,io.cucumber.testng.FeatureWrapper)[pri:0, instance:runners.testRunner@5b247367]" started-at="2024-02-17T17:13:57 PST" name="runScenario" description="Runs Cucumber Scenarios" data-provider="scenarios" finished-at="2024-02-17T17:13:57 PST" duration-ms="860" status="PASS">
          <params>
            <param index="0">
              <value>
                <![CDATA["User launch home page of an dsalgo project"]]>
              </value>
            </param>
            <param index="1">
              <value>
                <![CDATA["Feature to test Hompage"]]>
              </value>
            </param>
          </params>
          <reporter-output>
          </reporter-output>
        </test-method> <!-- runScenario -->
        <test-method signature="runScenario(io.cucumber.testng.PickleWrapper,io.cucumber.testng.FeatureWrapper)[pri:0, instance:runners.testRunner@5b247367]" started-at="2024-02-17T17:13:57 PST" name="runScenario" description="Runs Cucumber Scenarios" data-provider="scenarios" finished-at="2024-02-17T17:13:59 PST" duration-ms="1138" status="PASS">
          <params>
            <param index="0">
              <value>
                <![CDATA["User is on Homepage and click GetStarted link on Homepage without sign in"]]>
              </value>
            </param>
            <param index="1">
              <value>
                <![CDATA["Feature to test Hompage"]]>
              </value>
            </param>
          </params>
          <reporter-output>
          </reporter-output>
        </test-method> <!-- runScenario -->
        <test-method signature="runScenario(io.cucumber.testng.PickleWrapper,io.cucumber.testng.FeatureWrapper)[pri:0, instance:runners.testRunner@5b247367]" started-at="2024-02-17T17:13:59 PST" name="runScenario" description="Runs Cucumber Scenarios" data-provider="scenarios" finished-at="2024-02-17T17:13:59 PST" duration-ms="795" status="PASS">
          <params>
            <param index="0">
              <value>
                <![CDATA["User is on Homepage and click GetStarted link on Homepage without sign in"]]>
              </value>
            </param>
            <param index="1">
              <value>
                <![CDATA["Feature to test Hompage"]]>
              </value>
            </param>
          </params>
          <reporter-output>
          </reporter-output>
        </test-method> <!-- runScenario -->
        <test-method signature="runScenario(io.cucumber.testng.PickleWrapper,io.cucumber.testng.FeatureWrapper)[pri:0, instance:runners.testRunner@5b247367]" started-at="2024-02-17T17:13:59 PST" name="runScenario" description="Runs Cucumber Scenarios" data-provider="scenarios" finished-at="2024-02-17T17:14:00 PST" duration-ms="780" status="PASS">
          <params>
            <param index="0">
              <value>
                <![CDATA["User is on Homepage and click GetStarted link on Homepage without sign in"]]>
              </value>
            </param>
            <param index="1">
              <value>
                <![CDATA["Feature to test Hompage"]]>
              </value>
            </param>
          </params>
          <reporter-output>
          </reporter-output>
        </test-method> <!-- runScenario -->
        <test-method signature="runScenario(io.cucumber.testng.PickleWrapper,io.cucumber.testng.FeatureWrapper)[pri:0, instance:runners.testRunner@5b247367]" started-at="2024-02-17T17:14:00 PST" name="runScenario" description="Runs Cucumber Scenarios" data-provider="scenarios" finished-at="2024-02-17T17:14:01 PST" duration-ms="804" status="PASS">
          <params>
            <param index="0">
              <value>
                <![CDATA["User is on Homepage and click GetStarted link on Homepage without sign in"]]>
              </value>
            </param>
            <param index="1">
              <value>
                <![CDATA["Feature to test Hompage"]]>
              </value>
            </param>
          </params>
          <reporter-output>
          </reporter-output>
        </test-method> <!-- runScenario -->
        <test-method signature="runScenario(io.cucumber.testng.PickleWrapper,io.cucumber.testng.FeatureWrapper)[pri:0, instance:runners.testRunner@5b247367]" started-at="2024-02-17T17:14:01 PST" name="runScenario" description="Runs Cucumber Scenarios" data-provider="scenarios" finished-at="2024-02-17T17:14:02 PST" duration-ms="808" status="PASS">
          <params>
            <param index="0">
              <value>
                <![CDATA["User is on Homepage and click GetStarted link on Homepage without sign in"]]>
              </value>
            </param>
            <param index="1">
              <value>
                <![CDATA["Feature to test Hompage"]]>
              </value>
            </param>
          </params>
          <reporter-output>
          </reporter-output>
        </test-method> <!-- runScenario -->
        <test-method signature="runScenario(io.cucumber.testng.PickleWrapper,io.cucumber.testng.FeatureWrapper)[pri:0, instance:runners.testRunner@5b247367]" started-at="2024-02-17T17:14:02 PST" name="runScenario" description="Runs Cucumber Scenarios" data-provider="scenarios" finished-at="2024-02-17T17:14:02 PST" duration-ms="776" status="PASS">
          <params>
            <param index="0">
              <value>
                <![CDATA["User is on Homepage and click GetStarted link on Homepage without sign in"]]>
              </value>
            </param>
            <param index="1">
              <value>
                <![CDATA["Feature to test Hompage"]]>
              </value>
            </param>
          </params>
          <reporter-output>
          </reporter-output>
        </test-method> <!-- runScenario -->
        <test-method signature="runScenario(io.cucumber.testng.PickleWrapper,io.cucumber.testng.FeatureWrapper)[pri:0, instance:runners.testRunner@5b247367]" started-at="2024-02-17T17:14:03 PST" name="runScenario" description="Runs Cucumber Scenarios" data-provider="scenarios" finished-at="2024-02-17T17:14:03 PST" duration-ms="776" status="PASS">
          <params>
            <param index="0">
              <value>
                <![CDATA["User is on Homepage and click GetStarted link on Homepage without sign in"]]>
              </value>
            </param>
            <param index="1">
              <value>
                <![CDATA["Feature to test Hompage"]]>
              </value>
            </param>
          </params>
          <reporter-output>
          </reporter-output>
        </test-method> <!-- runScenario -->
        <test-method signature="runScenario(io.cucumber.testng.PickleWrapper,io.cucumber.testng.FeatureWrapper)[pri:0, instance:runners.testRunner@5b247367]" started-at="2024-02-17T17:14:03 PST" name="runScenario" description="Runs Cucumber Scenarios" data-provider="scenarios" finished-at="2024-02-17T17:14:04 PST" duration-ms="908" status="PASS">
          <params>
            <param index="0">
              <value>
                <![CDATA["User is on Homepage and click Dropdown on Homepage without sign in"]]>
              </value>
            </param>
            <param index="1">
              <value>
                <![CDATA["Feature to test Hompage"]]>
              </value>
            </param>
          </params>
          <reporter-output>
          </reporter-output>
        </test-method> <!-- runScenario -->
        <test-method signature="runScenario(io.cucumber.testng.PickleWrapper,io.cucumber.testng.FeatureWrapper)[pri:0, instance:runners.testRunner@5b247367]" started-at="2024-02-17T17:14:04 PST" name="runScenario" description="Runs Cucumber Scenarios" data-provider="scenarios" finished-at="2024-02-17T17:14:05 PST" duration-ms="752" status="PASS">
          <params>
            <param index="0">
              <value>
                <![CDATA["User is on Homepage and click Dropdown on Homepage without sign in"]]>
              </value>
            </param>
            <param index="1">
              <value>
                <![CDATA["Feature to test Hompage"]]>
              </value>
            </param>
          </params>
          <reporter-output>
          </reporter-output>
        </test-method> <!-- runScenario -->
        <test-method signature="runScenario(io.cucumber.testng.PickleWrapper,io.cucumber.testng.FeatureWrapper)[pri:0, instance:runners.testRunner@5b247367]" started-at="2024-02-17T17:14:05 PST" name="runScenario" description="Runs Cucumber Scenarios" data-provider="scenarios" finished-at="2024-02-17T17:14:06 PST" duration-ms="759" status="PASS">
          <params>
            <param index="0">
              <value>
                <![CDATA["User is on Homepage and click Dropdown on Homepage without sign in"]]>
              </value>
            </param>
            <param index="1">
              <value>
                <![CDATA["Feature to test Hompage"]]>
              </value>
            </param>
          </params>
          <reporter-output>
          </reporter-output>
        </test-method> <!-- runScenario -->
        <test-method signature="runScenario(io.cucumber.testng.PickleWrapper,io.cucumber.testng.FeatureWrapper)[pri:0, instance:runners.testRunner@5b247367]" started-at="2024-02-17T17:14:06 PST" name="runScenario" description="Runs Cucumber Scenarios" data-provider="scenarios" finished-at="2024-02-17T17:14:06 PST" duration-ms="763" status="PASS">
          <params>
            <param index="0">
              <value>
                <![CDATA["User is on Homepage and click Dropdown on Homepage without sign in"]]>
              </value>
            </param>
            <param index="1">
              <value>
                <![CDATA["Feature to test Hompage"]]>
              </value>
            </param>
          </params>
          <reporter-output>
          </reporter-output>
        </test-method> <!-- runScenario -->
        <test-method signature="runScenario(io.cucumber.testng.PickleWrapper,io.cucumber.testng.FeatureWrapper)[pri:0, instance:runners.testRunner@5b247367]" started-at="2024-02-17T17:14:06 PST" name="runScenario" description="Runs Cucumber Scenarios" data-provider="scenarios" finished-at="2024-02-17T17:14:07 PST" duration-ms="732" status="PASS">
          <params>
            <param index="0">
              <value>
                <![CDATA["User is on Homepage and click Dropdown on Homepage without sign in"]]>
              </value>
            </param>
            <param index="1">
              <value>
                <![CDATA["Feature to test Hompage"]]>
              </value>
            </param>
          </params>
          <reporter-output>
          </reporter-output>
        </test-method> <!-- runScenario -->
        <test-method signature="runScenario(io.cucumber.testng.PickleWrapper,io.cucumber.testng.FeatureWrapper)[pri:0, instance:runners.testRunner@5b247367]" started-at="2024-02-17T17:14:07 PST" name="runScenario" description="Runs Cucumber Scenarios" data-provider="scenarios" finished-at="2024-02-17T17:14:08 PST" duration-ms="721" status="PASS">
          <params>
            <param index="0">
              <value>
                <![CDATA["User is on Homepage and click Dropdown on Homepage without sign in"]]>
              </value>
            </param>
            <param index="1">
              <value>
                <![CDATA["Feature to test Hompage"]]>
              </value>
            </param>
          </params>
          <reporter-output>
          </reporter-output>
        </test-method> <!-- runScenario -->
        <test-method signature="runScenario(io.cucumber.testng.PickleWrapper,io.cucumber.testng.FeatureWrapper)[pri:0, instance:runners.testRunner@5b247367]" started-at="2024-02-17T17:14:08 PST" name="runScenario" description="Runs Cucumber Scenarios" data-provider="scenarios" finished-at="2024-02-17T17:14:09 PST" duration-ms="619" status="PASS">
          <params>
            <param index="0">
              <value>
                <![CDATA["User is going into RegisterPage"]]>
              </value>
            </param>
            <param index="1">
              <value>
                <![CDATA["Feature to test Hompage"]]>
              </value>
            </param>
          </params>
          <reporter-output>
          </reporter-output>
        </test-method> <!-- runScenario -->
        <test-method signature="runScenario(io.cucumber.testng.PickleWrapper,io.cucumber.testng.FeatureWrapper)[pri:0, instance:runners.testRunner@5b247367]" started-at="2024-02-17T17:14:09 PST" name="runScenario" description="Runs Cucumber Scenarios" data-provider="scenarios" finished-at="2024-02-17T17:14:09 PST" duration-ms="584" status="PASS">
          <params>
            <param index="0">
              <value>
                <![CDATA["User is going into SigninPage"]]>
              </value>
            </param>
            <param index="1">
              <value>
                <![CDATA["Feature to test Hompage"]]>
              </value>
            </param>
          </params>
          <reporter-output>
          </reporter-output>
        </test-method> <!-- runScenario -->
        <test-method signature="runScenario(io.cucumber.testng.PickleWrapper,io.cucumber.testng.FeatureWrapper)[pri:0, instance:runners.testRunner@5b247367]" started-at="2024-02-17T17:14:09 PST" name="runScenario" description="Runs Cucumber Scenarios" data-provider="scenarios" finished-at="2024-02-17T17:14:12 PST" duration-ms="2502" status="PASS">
          <params>
            <param index="0">
              <value>
                <![CDATA["User logging into Homepage after signing in successfully"]]>
              </value>
            </param>
            <param index="1">
              <value>
                <![CDATA["Feature to test Hompage"]]>
              </value>
            </param>
          </params>
          <reporter-output>
          </reporter-output>
        </test-method> <!-- runScenario -->
        <test-method signature="runScenario(io.cucumber.testng.PickleWrapper,io.cucumber.testng.FeatureWrapper)[pri:0, instance:runners.testRunner@5b247367]" started-at="2024-02-17T17:14:12 PST" name="runScenario" description="Runs Cucumber Scenarios" data-provider="scenarios" finished-at="2024-02-17T17:14:12 PST" duration-ms="778" status="PASS">
          <params>
            <param index="0">
              <value>
                <![CDATA["User is on Homepage and able to naviagate to Datastructure page"]]>
              </value>
            </param>
            <param index="1">
              <value>
                <![CDATA["Feature to test Hompage"]]>
              </value>
            </param>
          </params>
          <reporter-output>
          </reporter-output>
        </test-method> <!-- runScenario -->
        <test-method signature="runScenario(io.cucumber.testng.PickleWrapper,io.cucumber.testng.FeatureWrapper)[pri:0, instance:runners.testRunner@5b247367]" started-at="2024-02-17T17:14:12 PST" name="runScenario" description="Runs Cucumber Scenarios" data-provider="scenarios" finished-at="2024-02-17T17:14:13 PST" duration-ms="668" status="PASS">
          <params>
            <param index="0">
              <value>
                <![CDATA["User is able to signout"]]>
              </value>
            </param>
            <param index="1">
              <value>
                <![CDATA["Feature to test Hompage"]]>
              </value>
            </param>
          </params>
          <reporter-output>
          </reporter-output>
        </test-method> <!-- runScenario -->
        <test-method signature="runScenario(io.cucumber.testng.PickleWrapper,io.cucumber.testng.FeatureWrapper)[pri:0, instance:runners.testRunner@5b247367]" started-at="2024-02-17T17:14:13 PST" name="runScenario" description="Runs Cucumber Scenarios" data-provider="scenarios" finished-at="2024-02-17T17:14:13 PST" duration-ms="321" status="PASS">
          <params>
            <param index="0">
              <value>
                <![CDATA["RegisterPage Title"]]>
              </value>
            </param>
            <param index="1">
              <value>
                <![CDATA["Feature to test RegisterPage"]]>
              </value>
            </param>
          </params>
          <reporter-output>
          </reporter-output>
        </test-method> <!-- runScenario -->
        <test-method signature="runScenario(io.cucumber.testng.PickleWrapper,io.cucumber.testng.FeatureWrapper)[pri:0, instance:runners.testRunner@5b247367]" started-at="2024-02-17T17:14:13 PST" name="runScenario" description="Runs Cucumber Scenarios" data-provider="scenarios" finished-at="2024-02-17T17:14:14 PST" duration-ms="462" status="PASS">
          <params>
            <param index="0">
              <value>
                <![CDATA["The user is presented with error message for empty fields below Username textbox"]]>
              </value>
            </param>
            <param index="1">
              <value>
                <![CDATA["Feature to test RegisterPage"]]>
              </value>
            </param>
          </params>
          <reporter-output>
          </reporter-output>
        </test-method> <!-- runScenario -->
        <test-method signature="runScenario(io.cucumber.testng.PickleWrapper,io.cucumber.testng.FeatureWrapper)[pri:0, instance:runners.testRunner@5b247367]" started-at="2024-02-17T17:14:14 PST" name="runScenario" description="Runs Cucumber Scenarios" data-provider="scenarios" finished-at="2024-02-17T17:14:14 PST" duration-ms="596" status="PASS">
          <params>
            <param index="0">
              <value>
                <![CDATA["The user is presented with error message for empty fields below Password textbox"]]>
              </value>
            </param>
            <param index="1">
              <value>
                <![CDATA["Feature to test RegisterPage"]]>
              </value>
            </param>
          </params>
          <reporter-output>
          </reporter-output>
        </test-method> <!-- runScenario -->
        <test-method signature="runScenario(io.cucumber.testng.PickleWrapper,io.cucumber.testng.FeatureWrapper)[pri:0, instance:runners.testRunner@5b247367]" started-at="2024-02-17T17:14:14 PST" name="runScenario" description="Runs Cucumber Scenarios" data-provider="scenarios" finished-at="2024-02-17T17:14:15 PST" duration-ms="739" status="PASS">
          <params>
            <param index="0">
              <value>
                <![CDATA["The user is presented with error message for empty fields below Password Confirmation textbox"]]>
              </value>
            </param>
            <param index="1">
              <value>
                <![CDATA["Feature to test RegisterPage"]]>
              </value>
            </param>
          </params>
          <reporter-output>
          </reporter-output>
        </test-method> <!-- runScenario -->
        <test-method signature="runScenario(io.cucumber.testng.PickleWrapper,io.cucumber.testng.FeatureWrapper)[pri:0, instance:runners.testRunner@5b247367]" started-at="2024-02-17T17:14:15 PST" name="runScenario" description="Runs Cucumber Scenarios" data-provider="scenarios" finished-at="2024-02-17T17:14:16 PST" duration-ms="1180" status="PASS">
          <params>
            <param index="0">
              <value>
                <![CDATA["The user is presented with error message for password mismatch"]]>
              </value>
            </param>
            <param index="1">
              <value>
                <![CDATA["Feature to test RegisterPage"]]>
              </value>
            </param>
          </params>
          <reporter-output>
          </reporter-output>
        </test-method> <!-- runScenario -->
        <test-method signature="runScenario(io.cucumber.testng.PickleWrapper,io.cucumber.testng.FeatureWrapper)[pri:0, instance:runners.testRunner@5b247367]" started-at="2024-02-17T17:14:16 PST" name="runScenario" description="Runs Cucumber Scenarios" data-provider="scenarios" finished-at="2024-02-17T17:14:17 PST" duration-ms="555" status="PASS">
          <params>
            <param index="0">
              <value>
                <![CDATA["Verifying RegisterLink in SignInpage"]]>
              </value>
            </param>
            <param index="1">
              <value>
                <![CDATA["Feature to test SignInPage"]]>
              </value>
            </param>
          </params>
          <reporter-output>
          </reporter-output>
        </test-method> <!-- runScenario -->
        <test-method signature="runScenario(io.cucumber.testng.PickleWrapper,io.cucumber.testng.FeatureWrapper)[pri:0, instance:runners.testRunner@5b247367]" started-at="2024-02-17T17:14:17 PST" name="runScenario" description="Runs Cucumber Scenarios" data-provider="scenarios" finished-at="2024-02-17T17:14:18 PST" duration-ms="643" status="PASS">
          <params>
            <param index="0">
              <value>
                <![CDATA["User on login page and login with invalid inputs"]]>
              </value>
            </param>
            <param index="1">
              <value>
                <![CDATA["Feature to test SignInPage"]]>
              </value>
            </param>
          </params>
          <reporter-output>
          </reporter-output>
        </test-method> <!-- runScenario -->
        <test-method signature="runScenario(io.cucumber.testng.PickleWrapper,io.cucumber.testng.FeatureWrapper)[pri:0, instance:runners.testRunner@5b247367]" started-at="2024-02-17T17:14:18 PST" name="runScenario" description="Runs Cucumber Scenarios" data-provider="scenarios" finished-at="2024-02-17T17:14:18 PST" duration-ms="635" status="PASS">
          <params>
            <param index="0">
              <value>
                <![CDATA["User on login page and login with invalid inputs"]]>
              </value>
            </param>
            <param index="1">
              <value>
                <![CDATA["Feature to test SignInPage"]]>
              </value>
            </param>
          </params>
          <reporter-output>
          </reporter-output>
        </test-method> <!-- runScenario -->
        <test-method signature="runScenario(io.cucumber.testng.PickleWrapper,io.cucumber.testng.FeatureWrapper)[pri:0, instance:runners.testRunner@5b247367]" started-at="2024-02-17T17:14:18 PST" name="runScenario" description="Runs Cucumber Scenarios" data-provider="scenarios" finished-at="2024-02-17T17:14:19 PST" duration-ms="616" status="PASS">
          <params>
            <param index="0">
              <value>
                <![CDATA["User on login page and login with invalid inputs"]]>
              </value>
            </param>
            <param index="1">
              <value>
                <![CDATA["Feature to test SignInPage"]]>
              </value>
            </param>
          </params>
          <reporter-output>
          </reporter-output>
        </test-method> <!-- runScenario -->
        <test-method signature="runScenario(io.cucumber.testng.PickleWrapper,io.cucumber.testng.FeatureWrapper)[pri:0, instance:runners.testRunner@5b247367]" started-at="2024-02-17T17:14:19 PST" name="runScenario" description="Runs Cucumber Scenarios" data-provider="scenarios" finished-at="2024-02-17T17:14:20 PST" duration-ms="1225" status="PASS">
          <params>
            <param index="0">
              <value>
                <![CDATA["User on login page and login with valid from Excel"]]>
              </value>
            </param>
            <param index="1">
              <value>
                <![CDATA["Feature to test SignInPage"]]>
              </value>
            </param>
          </params>
          <reporter-output>
          </reporter-output>
        </test-method> <!-- runScenario -->
        <test-method signature="runScenario(io.cucumber.testng.PickleWrapper,io.cucumber.testng.FeatureWrapper)[pri:0, instance:runners.testRunner@5b247367]" started-at="2024-02-17T17:14:20 PST" name="runScenario" description="Runs Cucumber Scenarios" data-provider="scenarios" finished-at="2024-02-17T17:14:21 PST" duration-ms="554" status="PASS">
          <params>
            <param index="0">
              <value>
                <![CDATA["The user is able to navigate to Data Structure introduction page"]]>
              </value>
            </param>
            <param index="1">
              <value>
                <![CDATA["Feature to test DataStructuresPage"]]>
              </value>
            </param>
          </params>
          <reporter-output>
          </reporter-output>
        </test-method> <!-- runScenario -->
        <test-method signature="runScenario(io.cucumber.testng.PickleWrapper,io.cucumber.testng.FeatureWrapper)[pri:0, instance:runners.testRunner@5b247367]" started-at="2024-02-17T17:14:21 PST" name="runScenario" description="Runs Cucumber Scenarios" data-provider="scenarios" finished-at="2024-02-17T17:14:21 PST" duration-ms="636" status="PASS">
          <params>
            <param index="0">
              <value>
                <![CDATA["User is able to navigate to Time Complexity page"]]>
              </value>
            </param>
            <param index="1">
              <value>
                <![CDATA["Feature to test DataStructuresPage"]]>
              </value>
            </param>
          </params>
          <reporter-output>
          </reporter-output>
        </test-method> <!-- runScenario -->
        <test-method signature="runScenario(io.cucumber.testng.PickleWrapper,io.cucumber.testng.FeatureWrapper)[pri:0, instance:runners.testRunner@5b247367]" started-at="2024-02-17T17:14:21 PST" name="runScenario" description="Runs Cucumber Scenarios" data-provider="scenarios" finished-at="2024-02-17T17:14:23 PST" duration-ms="1521" status="PASS">
          <params>
            <param index="0">
              <value>
                <![CDATA["The user is able to navigate to a page having an tryEditor from Time Complexity page"]]>
              </value>
            </param>
            <param index="1">
              <value>
                <![CDATA["Feature to test DataStructuresPage"]]>
              </value>
            </param>
          </params>
          <reporter-output>
          </reporter-output>
        </test-method> <!-- runScenario -->
        <test-method signature="runScenario(io.cucumber.testng.PickleWrapper,io.cucumber.testng.FeatureWrapper)[pri:0, instance:runners.testRunner@5b247367]" started-at="2024-02-17T17:14:23 PST" name="runScenario" description="Runs Cucumber Scenarios" data-provider="scenarios" finished-at="2024-02-17T17:14:24 PST" duration-ms="1452" status="PASS">
          <params>
            <param index="0">
              <value>
                <![CDATA["The user is in a page having an tryEditor with a Run button to test invalid python syntax"]]>
              </value>
            </param>
            <param index="1">
              <value>
                <![CDATA["Feature to test DataStructuresPage"]]>
              </value>
            </param>
          </params>
          <reporter-output>
          </reporter-output>
        </test-method> <!-- runScenario -->
        <test-method signature="runScenario(io.cucumber.testng.PickleWrapper,io.cucumber.testng.FeatureWrapper)[pri:0, instance:runners.testRunner@5b247367]" started-at="2024-02-17T17:14:24 PST" name="runScenario" description="Runs Cucumber Scenarios" data-provider="scenarios" finished-at="2024-02-17T17:14:25 PST" duration-ms="1153" status="PASS">
          <params>
            <param index="0">
              <value>
                <![CDATA["The user is in a page having an tryEditor with a Run button to test valid python syntax"]]>
              </value>
            </param>
            <param index="1">
              <value>
                <![CDATA["Feature to test DataStructuresPage"]]>
              </value>
            </param>
          </params>
          <reporter-output>
          </reporter-output>
        </test-method> <!-- runScenario -->
        <test-method signature="runScenario(io.cucumber.testng.PickleWrapper,io.cucumber.testng.FeatureWrapper)[pri:0, instance:runners.testRunner@5b247367]" started-at="2024-02-17T17:14:25 PST" name="runScenario" description="Runs Cucumber Scenarios" data-provider="scenarios" finished-at="2024-02-17T17:14:26 PST" duration-ms="728" status="PASS">
          <params>
            <param index="0">
              <value>
                <![CDATA["The user is able to navigate to ARRAY Data Structure Page"]]>
              </value>
            </param>
            <param index="1">
              <value>
                <![CDATA["Feature to test Array page"]]>
              </value>
            </param>
          </params>
          <reporter-output>
          </reporter-output>
        </test-method> <!-- runScenario -->
        <test-method signature="runScenario(io.cucumber.testng.PickleWrapper,io.cucumber.testng.FeatureWrapper)[pri:0, instance:runners.testRunner@5b247367]" started-at="2024-02-17T17:14:26 PST" name="runScenario" description="Runs Cucumber Scenarios" data-provider="scenarios" finished-at="2024-02-17T17:14:27 PST" duration-ms="1136" status="PASS">
          <params>
            <param index="0">
              <value>
                <![CDATA["The user is able to navigate to Arrays in Python page"]]>
              </value>
            </param>
            <param index="1">
              <value>
                <![CDATA["Feature to test Array page"]]>
              </value>
            </param>
          </params>
          <reporter-output>
          </reporter-output>
        </test-method> <!-- runScenario -->
        <test-method signature="runScenario(io.cucumber.testng.PickleWrapper,io.cucumber.testng.FeatureWrapper)[pri:0, instance:runners.testRunner@5b247367]" started-at="2024-02-17T17:14:27 PST" name="runScenario" description="Runs Cucumber Scenarios" data-provider="scenarios" finished-at="2024-02-17T17:14:28 PST" duration-ms="749" status="PASS">
          <params>
            <param index="0">
              <value>
                <![CDATA["The user is able to navigate to a page having an tryEditor from Arrays in Python page"]]>
              </value>
            </param>
            <param index="1">
              <value>
                <![CDATA["Feature to test Array page"]]>
              </value>
            </param>
          </params>
          <reporter-output>
          </reporter-output>
        </test-method> <!-- runScenario -->
        <test-method signature="runScenario(io.cucumber.testng.PickleWrapper,io.cucumber.testng.FeatureWrapper)[pri:0, instance:runners.testRunner@5b247367]" started-at="2024-02-17T17:14:28 PST" name="runScenario" description="Runs Cucumber Scenarios" data-provider="scenarios" finished-at="2024-02-17T17:14:29 PST" duration-ms="1344" status="PASS">
          <params>
            <param index="0">
              <value>
                <![CDATA["The user is in a page having an tryEditor with a Run button to test invalid python syntax"]]>
              </value>
            </param>
            <param index="1">
              <value>
                <![CDATA["Feature to test Array page"]]>
              </value>
            </param>
          </params>
          <reporter-output>
          </reporter-output>
        </test-method> <!-- runScenario -->
        <test-method signature="runScenario(io.cucumber.testng.PickleWrapper,io.cucumber.testng.FeatureWrapper)[pri:0, instance:runners.testRunner@5b247367]" started-at="2024-02-17T17:14:29 PST" name="runScenario" description="Runs Cucumber Scenarios" data-provider="scenarios" finished-at="2024-02-17T17:14:31 PST" duration-ms="1217" status="PASS">
          <params>
            <param index="0">
              <value>
                <![CDATA["The user is in a page having an tryEditor with a Run button to test valid python syntax"]]>
              </value>
            </param>
            <param index="1">
              <value>
                <![CDATA["Feature to test Array page"]]>
              </value>
            </param>
          </params>
          <reporter-output>
          </reporter-output>
        </test-method> <!-- runScenario -->
        <test-method signature="runScenario(io.cucumber.testng.PickleWrapper,io.cucumber.testng.FeatureWrapper)[pri:0, instance:runners.testRunner@5b247367]" started-at="2024-02-17T17:14:31 PST" name="runScenario" description="Runs Cucumber Scenarios" data-provider="scenarios" finished-at="2024-02-17T17:14:32 PST" duration-ms="993" status="PASS">
          <params>
            <param index="0">
              <value>
                <![CDATA["The user is able to navigate to Arrays Using List page"]]>
              </value>
            </param>
            <param index="1">
              <value>
                <![CDATA["Feature to test Array page"]]>
              </value>
            </param>
          </params>
          <reporter-output>
          </reporter-output>
        </test-method> <!-- runScenario -->
        <test-method signature="runScenario(io.cucumber.testng.PickleWrapper,io.cucumber.testng.FeatureWrapper)[pri:0, instance:runners.testRunner@5b247367]" started-at="2024-02-17T17:14:32 PST" name="runScenario" description="Runs Cucumber Scenarios" data-provider="scenarios" finished-at="2024-02-17T17:14:32 PST" duration-ms="885" status="PASS">
          <params>
            <param index="0">
              <value>
                <![CDATA["The user is able to navigate to a page having an tryEditor for Arrays Using List page"]]>
              </value>
            </param>
            <param index="1">
              <value>
                <![CDATA["Feature to test Array page"]]>
              </value>
            </param>
          </params>
          <reporter-output>
          </reporter-output>
        </test-method> <!-- runScenario -->
        <test-method signature="runScenario(io.cucumber.testng.PickleWrapper,io.cucumber.testng.FeatureWrapper)[pri:0, instance:runners.testRunner@5b247367]" started-at="2024-02-17T17:14:32 PST" name="runScenario" description="Runs Cucumber Scenarios" data-provider="scenarios" finished-at="2024-02-17T17:14:34 PST" duration-ms="1118" status="PASS">
          <params>
            <param index="0">
              <value>
                <![CDATA["The user is in a page having an tryEditor with a Run button to test invalid python syntax"]]>
              </value>
            </param>
            <param index="1">
              <value>
                <![CDATA["Feature to test Array page"]]>
              </value>
            </param>
          </params>
          <reporter-output>
          </reporter-output>
        </test-method> <!-- runScenario -->
        <test-method signature="runScenario(io.cucumber.testng.PickleWrapper,io.cucumber.testng.FeatureWrapper)[pri:0, instance:runners.testRunner@5b247367]" started-at="2024-02-17T17:14:34 PST" name="runScenario" description="Runs Cucumber Scenarios" data-provider="scenarios" finished-at="2024-02-17T17:14:35 PST" duration-ms="1250" status="PASS">
          <params>
            <param index="0">
              <value>
                <![CDATA["The user is in a page having an tryEditor with a Run button to test valid python syntax"]]>
              </value>
            </param>
            <param index="1">
              <value>
                <![CDATA["Feature to test Array page"]]>
              </value>
            </param>
          </params>
          <reporter-output>
          </reporter-output>
        </test-method> <!-- runScenario -->
        <test-method signature="runScenario(io.cucumber.testng.PickleWrapper,io.cucumber.testng.FeatureWrapper)[pri:0, instance:runners.testRunner@5b247367]" started-at="2024-02-17T17:14:35 PST" name="runScenario" description="Runs Cucumber Scenarios" data-provider="scenarios" finished-at="2024-02-17T17:14:36 PST" duration-ms="725" status="PASS">
          <params>
            <param index="0">
              <value>
                <![CDATA["The user is able to navigate to Basic Operations in Lists page"]]>
              </value>
            </param>
            <param index="1">
              <value>
                <![CDATA["Feature to test Array page"]]>
              </value>
            </param>
          </params>
          <reporter-output>
          </reporter-output>
        </test-method> <!-- runScenario -->
        <test-method signature="runScenario(io.cucumber.testng.PickleWrapper,io.cucumber.testng.FeatureWrapper)[pri:0, instance:runners.testRunner@5b247367]" started-at="2024-02-17T17:14:36 PST" name="runScenario" description="Runs Cucumber Scenarios" data-provider="scenarios" finished-at="2024-02-17T17:14:36 PST" duration-ms="905" status="PASS">
          <params>
            <param index="0">
              <value>
                <![CDATA["The user is able to navigate to a page having an tryEditor f Basic Operations in Lists page"]]>
              </value>
            </param>
            <param index="1">
              <value>
                <![CDATA["Feature to test Array page"]]>
              </value>
            </param>
          </params>
          <reporter-output>
          </reporter-output>
        </test-method> <!-- runScenario -->
        <test-method signature="runScenario(io.cucumber.testng.PickleWrapper,io.cucumber.testng.FeatureWrapper)[pri:0, instance:runners.testRunner@5b247367]" started-at="2024-02-17T17:14:36 PST" name="runScenario" description="Runs Cucumber Scenarios" data-provider="scenarios" finished-at="2024-02-17T17:14:38 PST" duration-ms="1194" status="PASS">
          <params>
            <param index="0">
              <value>
                <![CDATA["The user is in a page having an tryEditor with a Run button to test invalid python syntax"]]>
              </value>
            </param>
            <param index="1">
              <value>
                <![CDATA["Feature to test Array page"]]>
              </value>
            </param>
          </params>
          <reporter-output>
          </reporter-output>
        </test-method> <!-- runScenario -->
        <test-method signature="runScenario(io.cucumber.testng.PickleWrapper,io.cucumber.testng.FeatureWrapper)[pri:0, instance:runners.testRunner@5b247367]" started-at="2024-02-17T17:14:38 PST" name="runScenario" description="Runs Cucumber Scenarios" data-provider="scenarios" finished-at="2024-02-17T17:14:39 PST" duration-ms="1261" status="PASS">
          <params>
            <param index="0">
              <value>
                <![CDATA["The user is in a page having an tryEditor with a Run button to test valid python syntax"]]>
              </value>
            </param>
            <param index="1">
              <value>
                <![CDATA["Feature to test Array page"]]>
              </value>
            </param>
          </params>
          <reporter-output>
          </reporter-output>
        </test-method> <!-- runScenario -->
        <test-method signature="runScenario(io.cucumber.testng.PickleWrapper,io.cucumber.testng.FeatureWrapper)[pri:0, instance:runners.testRunner@5b247367]" started-at="2024-02-17T17:14:39 PST" name="runScenario" description="Runs Cucumber Scenarios" data-provider="scenarios" finished-at="2024-02-17T17:14:40 PST" duration-ms="712" status="PASS">
          <params>
            <param index="0">
              <value>
                <![CDATA["The user is able to navigate to Applications of Array page"]]>
              </value>
            </param>
            <param index="1">
              <value>
                <![CDATA["Feature to test Array page"]]>
              </value>
            </param>
          </params>
          <reporter-output>
          </reporter-output>
        </test-method> <!-- runScenario -->
        <test-method signature="runScenario(io.cucumber.testng.PickleWrapper,io.cucumber.testng.FeatureWrapper)[pri:0, instance:runners.testRunner@5b247367]" started-at="2024-02-17T17:14:40 PST" name="runScenario" description="Runs Cucumber Scenarios" data-provider="scenarios" finished-at="2024-02-17T17:14:40 PST" duration-ms="590" status="PASS">
          <params>
            <param index="0">
              <value>
                <![CDATA["The user is able to navigate to Practice page"]]>
              </value>
            </param>
            <param index="1">
              <value>
                <![CDATA["Feature to test Array page"]]>
              </value>
            </param>
          </params>
          <reporter-output>
          </reporter-output>
        </test-method> <!-- runScenario -->
        <test-method signature="runScenario(io.cucumber.testng.PickleWrapper,io.cucumber.testng.FeatureWrapper)[pri:0, instance:runners.testRunner@5b247367]" started-at="2024-02-17T17:14:40 PST" name="runScenario" description="Runs Cucumber Scenarios" data-provider="scenarios" finished-at="2024-02-17T17:14:41 PST" duration-ms="981" status="PASS">
          <params>
            <param index="0">
              <value>
                <![CDATA["The user is able to navigate to Question page from Search the array link"]]>
              </value>
            </param>
            <param index="1">
              <value>
                <![CDATA["Feature to test Array page"]]>
              </value>
            </param>
          </params>
          <reporter-output>
          </reporter-output>
        </test-method> <!-- runScenario -->
        <test-method signature="runScenario(io.cucumber.testng.PickleWrapper,io.cucumber.testng.FeatureWrapper)[pri:0, instance:runners.testRunner@5b247367]" started-at="2024-02-17T17:14:41 PST" name="runScenario" description="Runs Cucumber Scenarios" data-provider="scenarios" finished-at="2024-02-17T17:14:47 PST" duration-ms="5487" status="FAIL">
          <params>
            <param index="0">
              <value>
                <![CDATA["The user is able to run code in tryEditor for Search the array link"]]>
              </value>
            </param>
            <param index="1">
              <value>
                <![CDATA["Feature to test Array page"]]>
              </value>
            </param>
          </params>
          <exception class="org.openqa.selenium.UnhandledAlertException">
            <message>
              <![CDATA[unexpected alert open: {Alert text : SyntaxError: bad input on line 2}
  (Session info: chrome=121.0.6167.184): SyntaxError: bad input on line 2
Build info: version: '4.17.0', revision: 'e52b1be057*'
System info: os.name: 'Mac OS X', os.arch: 'x86_64', os.version: '11.7.7', java.version: '17.0.7'
Driver info: org.openqa.selenium.chrome.ChromeDriver
Command: [fd7592ec38d9fb5edaeb6b5f9391f853, findElement {using=xpath, value=//pre[@id ='output']}]
Capabilities {acceptInsecureCerts: false, browserName: chrome, browserVersion: 121.0.6167.184, chrome: {chromedriverVersion: 121.0.6167.184 (057a8ae7deb..., userDataDir: /var/folders/g_/0nhmnxv5743...}, fedcm:accounts: true, goog:chromeOptions: {debuggerAddress: localhost:59772}, networkConnectionEnabled: false, pageLoadStrategy: normal, platformName: mac, proxy: Proxy(), se:cdp: ws://localhost:59772/devtoo..., se:cdpVersion: 121.0.6167.184, setWindowRect: true, strictFileInteractability: false, timeouts: {implicit: 0, pageLoad: 300000, script: 30000}, unhandledPromptBehavior: dismiss and notify, webauthn:extension:credBlob: true, webauthn:extension:largeBlob: true, webauthn:extension:minPinLength: true, webauthn:extension:prf: true, webauthn:virtualAuthenticators: true}
Session ID: fd7592ec38d9fb5edaeb6b5f9391f853]]>
            </message>
            <full-stacktrace>
              <![CDATA[org.openqa.selenium.UnhandledAlertException: unexpected alert open: {Alert text : SyntaxError: bad input on line 2}
  (Session info: chrome=121.0.6167.184): SyntaxError: bad input on line 2
Build info: version: '4.17.0', revision: 'e52b1be057*'
System info: os.name: 'Mac OS X', os.arch: 'x86_64', os.version: '11.7.7', java.version: '17.0.7'
Driver info: org.openqa.selenium.chrome.ChromeDriver
Command: [fd7592ec38d9fb5edaeb6b5f9391f853, findElement {using=xpath, value=//pre[@id ='output']}]
Capabilities {acceptInsecureCerts: false, browserName: chrome, browserVersion: 121.0.6167.184, chrome: {chromedriverVersion: 121.0.6167.184 (057a8ae7deb..., userDataDir: /var/folders/g_/0nhmnxv5743...}, fedcm:accounts: true, goog:chromeOptions: {debuggerAddress: localhost:59772}, networkConnectionEnabled: false, pageLoadStrategy: normal, platformName: mac, proxy: Proxy(), se:cdp: ws://localhost:59772/devtoo..., se:cdpVersion: 121.0.6167.184, setWindowRect: true, strictFileInteractability: false, timeouts: {implicit: 0, pageLoad: 300000, script: 30000}, unhandledPromptBehavior: dismiss and notify, webauthn:extension:credBlob: true, webauthn:extension:largeBlob: true, webauthn:extension:minPinLength: true, webauthn:extension:prf: true, webauthn:virtualAuthenticators: true}
Session ID: fd7592ec38d9fb5edaeb6b5f9391f853
at org.openqa.selenium.remote.codec.w3c.W3CHttpResponseCodec.decode(W3CHttpResponseCodec.java:132)
at org.openqa.selenium.remote.codec.w3c.W3CHttpResponseCodec.decode(W3CHttpResponseCodec.java:51)
at org.openqa.selenium.remote.HttpCommandExecutor.execute(HttpCommandExecutor.java:190)
at org.openqa.selenium.remote.service.DriverCommandExecutor.invokeExecute(DriverCommandExecutor.java:216)
at org.openqa.selenium.remote.service.DriverCommandExecutor.execute(DriverCommandExecutor.java:174)
at org.openqa.selenium.remote.RemoteWebDriver.execute(RemoteWebDriver.java:519)
at org.openqa.selenium.remote.ElementLocation$ElementFinder$2.findElement(ElementLocation.java:165)
at org.openqa.selenium.remote.ElementLocation.findElement(ElementLocation.java:59)
at org.openqa.selenium.remote.RemoteWebDriver.findElement(RemoteWebDriver.java:356)
at org.openqa.selenium.remote.RemoteWebDriver.findElement(RemoteWebDriver.java:350)
at org.openqa.selenium.support.pagefactory.DefaultElementLocator.findElement(DefaultElementLocator.java:68)
at org.openqa.selenium.support.pagefactory.internal.LocatingElementHandler.invoke(LocatingElementHandler.java:38)
at jdk.proxy2/jdk.proxy2.$Proxy60.getText(Unknown Source)
at pagesPackage.ArrayPage.getActualResult(ArrayPage.java:121)
at stepDefinitions.ArraySteps.the_user_should_be_presented_with_run_result(ArraySteps.java:151)
at ✽.The user should be presented with Run result(file:///Users/arpanagodi/eclipse-workspace/DsAlgoCucumberProject/src/test/resources/Features/6_Array.feature:104)
]]>
            </full-stacktrace>
          </exception> <!-- org.openqa.selenium.UnhandledAlertException -->
          <reporter-output>
          </reporter-output>
        </test-method> <!-- runScenario -->
        <test-method signature="runScenario(io.cucumber.testng.PickleWrapper,io.cucumber.testng.FeatureWrapper)[pri:0, instance:runners.testRunner@5b247367]" started-at="2024-02-17T17:14:47 PST" name="runScenario" description="Runs Cucumber Scenarios" data-provider="scenarios" finished-at="2024-02-17T17:14:47 PST" duration-ms="695" status="PASS">
          <params>
            <param index="0">
              <value>
                <![CDATA["The user is able to navigate to GRAPH Data Structure Page"]]>
              </value>
            </param>
            <param index="1">
              <value>
                <![CDATA["Feature to test Graph Page"]]>
              </value>
            </param>
          </params>
          <reporter-output>
          </reporter-output>
        </test-method> <!-- runScenario -->
        <test-method signature="runScenario(io.cucumber.testng.PickleWrapper,io.cucumber.testng.FeatureWrapper)[pri:0, instance:runners.testRunner@5b247367]" started-at="2024-02-17T17:14:47 PST" name="runScenario" description="Runs Cucumber Scenarios" data-provider="scenarios" finished-at="2024-02-17T17:14:48 PST" duration-ms="672" status="PASS">
          <params>
            <param index="0">
              <value>
                <![CDATA["The user is able to navigate to Graph page"]]>
              </value>
            </param>
            <param index="1">
              <value>
                <![CDATA["Feature to test Graph Page"]]>
              </value>
            </param>
          </params>
          <reporter-output>
          </reporter-output>
        </test-method> <!-- runScenario -->
        <test-method signature="runScenario(io.cucumber.testng.PickleWrapper,io.cucumber.testng.FeatureWrapper)[pri:0, instance:runners.testRunner@5b247367]" started-at="2024-02-17T17:14:48 PST" name="runScenario" description="Runs Cucumber Scenarios" data-provider="scenarios" finished-at="2024-02-17T17:14:49 PST" duration-ms="743" status="PASS">
          <params>
            <param index="0">
              <value>
                <![CDATA["The user is able to navigate to a page having an tryEditor from Graph page"]]>
              </value>
            </param>
            <param index="1">
              <value>
                <![CDATA["Feature to test Graph Page"]]>
              </value>
            </param>
          </params>
          <reporter-output>
          </reporter-output>
        </test-method> <!-- runScenario -->
        <test-method signature="runScenario(io.cucumber.testng.PickleWrapper,io.cucumber.testng.FeatureWrapper)[pri:0, instance:runners.testRunner@5b247367]" started-at="2024-02-17T17:14:49 PST" name="runScenario" description="Runs Cucumber Scenarios" data-provider="scenarios" finished-at="2024-02-17T17:14:50 PST" duration-ms="1223" status="PASS">
          <params>
            <param index="0">
              <value>
                <![CDATA["The user is in a page having an tryEditor with a Run button to test invalid python syntax"]]>
              </value>
            </param>
            <param index="1">
              <value>
                <![CDATA["Feature to test Graph Page"]]>
              </value>
            </param>
          </params>
          <reporter-output>
          </reporter-output>
        </test-method> <!-- runScenario -->
        <test-method signature="runScenario(io.cucumber.testng.PickleWrapper,io.cucumber.testng.FeatureWrapper)[pri:0, instance:runners.testRunner@5b247367]" started-at="2024-02-17T17:14:50 PST" name="runScenario" description="Runs Cucumber Scenarios" data-provider="scenarios" finished-at="2024-02-17T17:14:51 PST" duration-ms="1298" status="PASS">
          <params>
            <param index="0">
              <value>
                <![CDATA["The user is in a page having an tryEditor with a Run button to test valid python syntax"]]>
              </value>
            </param>
            <param index="1">
              <value>
                <![CDATA["Feature to test Graph Page"]]>
              </value>
            </param>
          </params>
          <reporter-output>
          </reporter-output>
        </test-method> <!-- runScenario -->
        <test-method signature="runScenario(io.cucumber.testng.PickleWrapper,io.cucumber.testng.FeatureWrapper)[pri:0, instance:runners.testRunner@5b247367]" started-at="2024-02-17T17:14:51 PST" name="runScenario" description="Runs Cucumber Scenarios" data-provider="scenarios" finished-at="2024-02-17T17:14:52 PST" duration-ms="827" status="PASS">
          <params>
            <param index="0">
              <value>
                <![CDATA["The user is able to navigate to Graph Representations link"]]>
              </value>
            </param>
            <param index="1">
              <value>
                <![CDATA["Feature to test Graph Page"]]>
              </value>
            </param>
          </params>
          <reporter-output>
          </reporter-output>
        </test-method> <!-- runScenario -->
        <test-method signature="runScenario(io.cucumber.testng.PickleWrapper,io.cucumber.testng.FeatureWrapper)[pri:0, instance:runners.testRunner@5b247367]" started-at="2024-02-17T17:14:52 PST" name="runScenario" description="Runs Cucumber Scenarios" data-provider="scenarios" finished-at="2024-02-17T17:14:53 PST" duration-ms="858" status="PASS">
          <params>
            <param index="0">
              <value>
                <![CDATA["The user is able to navigate to a page having an tryEditor from Graph Representations page"]]>
              </value>
            </param>
            <param index="1">
              <value>
                <![CDATA["Feature to test Graph Page"]]>
              </value>
            </param>
          </params>
          <reporter-output>
          </reporter-output>
        </test-method> <!-- runScenario -->
        <test-method signature="runScenario(io.cucumber.testng.PickleWrapper,io.cucumber.testng.FeatureWrapper)[pri:0, instance:runners.testRunner@5b247367]" started-at="2024-02-17T17:14:53 PST" name="runScenario" description="Runs Cucumber Scenarios" data-provider="scenarios" finished-at="2024-02-17T17:14:55 PST" duration-ms="1562" status="PASS">
          <params>
            <param index="0">
              <value>
                <![CDATA["The user is in a page having an tryEditor with a Run button to test invalid python syntax"]]>
              </value>
            </param>
            <param index="1">
              <value>
                <![CDATA["Feature to test Graph Page"]]>
              </value>
            </param>
          </params>
          <reporter-output>
          </reporter-output>
        </test-method> <!-- runScenario -->
        <test-method signature="runScenario(io.cucumber.testng.PickleWrapper,io.cucumber.testng.FeatureWrapper)[pri:0, instance:runners.testRunner@5b247367]" started-at="2024-02-17T17:14:55 PST" name="runScenario" description="Runs Cucumber Scenarios" data-provider="scenarios" finished-at="2024-02-17T17:14:56 PST" duration-ms="1062" status="PASS">
          <params>
            <param index="0">
              <value>
                <![CDATA["The user is in a page having an tryEditor with a Run button to test valid python syntax"]]>
              </value>
            </param>
            <param index="1">
              <value>
                <![CDATA["Feature to test Graph Page"]]>
              </value>
            </param>
          </params>
          <reporter-output>
          </reporter-output>
        </test-method> <!-- runScenario -->
        <test-method is-config="true" signature="tearDownClass()[pri:0, instance:runners.testRunner@5b247367]" started-at="2024-02-17T17:14:56 PST" name="tearDownClass" finished-at="2024-02-17T17:15:05 PST" duration-ms="9614" status="PASS">
          <reporter-output>
          </reporter-output>
        </test-method> <!-- tearDownClass -->
      </class> <!-- runners.testRunner -->
    </test> <!-- Default test -->
  </suite> <!-- Default suite -->
</testng-results>
